{"/home/travis/build/npmtest/node-npmtest-node-windows/test.js":{"path":"/home/travis/build/npmtest/node-npmtest-node-windows/test.js","s":{"1":2,"2":2,"3":2,"4":2,"5":2,"6":2,"7":2,"8":1,"9":2,"10":2,"11":1,"12":1,"13":1,"14":1,"15":2,"16":2,"17":2,"18":2,"19":1,"20":1,"21":2,"22":2,"23":2,"24":1,"25":1,"26":1,"27":1,"28":1,"29":1,"30":1,"31":1,"32":1,"33":1,"34":1,"35":1,"36":1,"37":1,"38":1,"39":2,"40":2,"41":1,"42":2,"43":2,"44":1,"45":2,"46":2,"47":1,"48":2,"49":2,"50":1,"51":1,"52":1,"53":1,"54":1},"b":{"1":[2,1,1,1],"2":[1,1,1,1],"3":[1,1],"4":[1,1],"5":[1,1],"6":[1,1],"7":[1,1],"8":[1,1],"9":[1,1],"10":[1,1,1],"11":[1,1],"12":[1,1],"13":[1,1],"14":[1,1],"15":[1,1],"16":[1,1],"17":[1,1]},"f":{"1":2,"2":2,"3":2,"4":2,"5":2,"6":1,"7":1,"8":1,"9":2,"10":2,"11":2,"12":2,"13":1},"fnMap":{"1":{"name":"(anonymous_1)","line":12,"loc":{"start":{"line":12,"column":1},"end":{"line":12,"column":13}}},"2":{"name":"(anonymous_2)","line":19,"loc":{"start":{"line":19,"column":5},"end":{"line":19,"column":17}}},"3":{"name":"(anonymous_3)","line":23,"loc":{"start":{"line":23,"column":24},"end":{"line":23,"column":36}}},"4":{"name":"(anonymous_4)","line":61,"loc":{"start":{"line":61,"column":5},"end":{"line":61,"column":17}}},"5":{"name":"(anonymous_5)","line":82,"loc":{"start":{"line":82,"column":5},"end":{"line":82,"column":17}}},"6":{"name":"(anonymous_6)","line":91,"loc":{"start":{"line":91,"column":77},"end":{"line":94,"column":10}}},"7":{"name":"(anonymous_7)","line":112,"loc":{"start":{"line":112,"column":83},"end":{"line":115,"column":10}},"skip":true},"8":{"name":"(anonymous_8)","line":123,"loc":{"start":{"line":123,"column":77},"end":{"line":126,"column":10}},"skip":true},"9":{"name":"(anonymous_9)","line":139,"loc":{"start":{"line":139,"column":12},"end":{"line":139,"column":40}},"skip":true},"10":{"name":"(anonymous_10)","line":147,"loc":{"start":{"line":147,"column":77},"end":{"line":150,"column":10}},"skip":true},"11":{"name":"(anonymous_11)","line":158,"loc":{"start":{"line":158,"column":83},"end":{"line":161,"column":10}},"skip":true},"12":{"name":"(anonymous_12)","line":169,"loc":{"start":{"line":169,"column":79},"end":{"line":172,"column":10}},"skip":true},"13":{"name":"(anonymous_13)","line":180,"loc":{"start":{"line":180,"column":75},"end":{"line":183,"column":10}},"skip":true}},"statementMap":{"1":{"start":{"line":12,"column":0},"end":{"line":195,"column":5}},"2":{"start":{"line":14,"column":4},"end":{"line":14,"column":14}},"3":{"start":{"line":19,"column":4},"end":{"line":56,"column":9}},"4":{"start":{"line":21,"column":8},"end":{"line":21,"column":19}},"5":{"start":{"line":23,"column":8},"end":{"line":35,"column":13}},"6":{"start":{"line":24,"column":12},"end":{"line":34,"column":13}},"7":{"start":{"line":25,"column":16},"end":{"line":28,"column":30}},"8":{"start":{"line":30,"column":16},"end":{"line":33,"column":27}},"9":{"start":{"line":37,"column":8},"end":{"line":39,"column":21}},"10":{"start":{"line":40,"column":8},"end":{"line":53,"column":9}},"11":{"start":{"line":43,"column":12},"end":{"line":46,"column":14}},"12":{"start":{"line":47,"column":12},"end":{"line":47,"column":18}},"13":{"start":{"line":50,"column":12},"end":{"line":51,"column":33}},"14":{"start":{"line":52,"column":12},"end":{"line":52,"column":18}},"15":{"start":{"line":55,"column":8},"end":{"line":55,"column":35}},"16":{"start":{"line":61,"column":4},"end":{"line":63,"column":9}},"17":{"start":{"line":62,"column":8},"end":{"line":62,"column":15}},"18":{"start":{"line":64,"column":4},"end":{"line":77,"column":5}},"19":{"start":{"line":70,"column":8},"end":{"line":70,"column":14}},"20":{"start":{"line":76,"column":8},"end":{"line":76,"column":14}},"21":{"start":{"line":82,"column":4},"end":{"line":84,"column":9}},"22":{"start":{"line":83,"column":8},"end":{"line":83,"column":15}},"23":{"start":{"line":85,"column":4},"end":{"line":194,"column":5}},"24":{"start":{"line":91,"column":8},"end":{"line":99,"column":10}},"25":{"start":{"line":98,"column":12},"end":{"line":98,"column":35}},"26":{"start":{"line":102,"column":8},"end":{"line":104,"column":63}},"27":{"start":{"line":105,"column":8},"end":{"line":105,"column":14}},"28":{"start":{"line":112,"column":8},"end":{"line":121,"column":10},"skip":true},"29":{"start":{"line":119,"column":12},"end":{"line":119,"column":55},"skip":true},"30":{"start":{"line":120,"column":12},"end":{"line":120,"column":48},"skip":true},"31":{"start":{"line":123,"column":8},"end":{"line":136,"column":10},"skip":true},"32":{"start":{"line":130,"column":12},"end":{"line":130,"column":76},"skip":true},"33":{"start":{"line":131,"column":12},"end":{"line":131,"column":73},"skip":true},"34":{"start":{"line":132,"column":12},"end":{"line":132,"column":74},"skip":true},"35":{"start":{"line":133,"column":12},"end":{"line":133,"column":79},"skip":true},"36":{"start":{"line":134,"column":12},"end":{"line":134,"column":25},"skip":true},"37":{"start":{"line":135,"column":12},"end":{"line":135,"column":45},"skip":true},"38":{"start":{"line":138,"column":8},"end":{"line":145,"column":14},"skip":true},"39":{"start":{"line":143,"column":16},"end":{"line":143,"column":29},"skip":true},"40":{"start":{"line":144,"column":16},"end":{"line":144,"column":55},"skip":true},"41":{"start":{"line":147,"column":8},"end":{"line":156,"column":10},"skip":true},"42":{"start":{"line":154,"column":12},"end":{"line":154,"column":25},"skip":true},"43":{"start":{"line":155,"column":12},"end":{"line":155,"column":45},"skip":true},"44":{"start":{"line":158,"column":8},"end":{"line":167,"column":10},"skip":true},"45":{"start":{"line":165,"column":12},"end":{"line":165,"column":25},"skip":true},"46":{"start":{"line":166,"column":12},"end":{"line":166,"column":48},"skip":true},"47":{"start":{"line":169,"column":8},"end":{"line":178,"column":10},"skip":true},"48":{"start":{"line":176,"column":12},"end":{"line":176,"column":25},"skip":true},"49":{"start":{"line":177,"column":12},"end":{"line":177,"column":46},"skip":true},"50":{"start":{"line":180,"column":8},"end":{"line":189,"column":10},"skip":true},"51":{"start":{"line":187,"column":12},"end":{"line":187,"column":94},"skip":true},"52":{"start":{"line":188,"column":12},"end":{"line":188,"column":48},"skip":true},"53":{"start":{"line":192,"column":8},"end":{"line":192,"column":35},"skip":true},"54":{"start":{"line":193,"column":8},"end":{"line":193,"column":14},"skip":true}},"branchMap":{"1":{"line":25,"type":"binary-expr","locations":[{"start":{"line":25,"column":23},"end":{"line":25,"column":62}},{"start":{"line":26,"column":20},"end":{"line":26,"column":70}},{"start":{"line":27,"column":20},"end":{"line":27,"column":71}},{"start":{"line":28,"column":20},"end":{"line":28,"column":29}}]},"2":{"line":30,"type":"binary-expr","locations":[{"start":{"line":30,"column":23},"end":{"line":30,"column":37}},{"start":{"line":31,"column":20},"end":{"line":31,"column":61}},{"start":{"line":32,"column":20},"end":{"line":32,"column":70}},{"start":{"line":33,"column":20},"end":{"line":33,"column":26}}]},"3":{"line":37,"type":"cond-expr","locations":[{"start":{"line":38,"column":14},"end":{"line":38,"column":20}},{"start":{"line":39,"column":14},"end":{"line":39,"column":20}}]},"4":{"line":40,"type":"switch","locations":[{"start":{"line":42,"column":8},"end":{"line":47,"column":18}},{"start":{"line":49,"column":8},"end":{"line":52,"column":18}}]},"5":{"line":44,"type":"binary-expr","locations":[{"start":{"line":44,"column":16},"end":{"line":44,"column":44}},{"start":{"line":44,"column":48},"end":{"line":44,"column":66}}]},"6":{"line":50,"type":"binary-expr","locations":[{"start":{"line":50,"column":21},"end":{"line":50,"column":49}},{"start":{"line":50,"column":53},"end":{"line":50,"column":72}}]},"7":{"line":64,"type":"switch","locations":[{"start":{"line":69,"column":4},"end":{"line":70,"column":14}},{"start":{"line":75,"column":4},"end":{"line":76,"column":14}}]},"8":{"line":85,"type":"switch","locations":[{"start":{"line":90,"column":4},"end":{"line":105,"column":14}},{"start":{"line":111,"column":4},"end":{"line":193,"column":14},"skip":true}]},"9":{"line":91,"type":"binary-expr","locations":[{"start":{"line":91,"column":42},"end":{"line":91,"column":73}},{"start":{"line":91,"column":77},"end":{"line":99,"column":9}}]},"10":{"line":102,"type":"binary-expr","locations":[{"start":{"line":102,"column":18},"end":{"line":102,"column":32}},{"start":{"line":103,"column":12},"end":{"line":103,"column":53}},{"start":{"line":104,"column":12},"end":{"line":104,"column":61}}]},"11":{"line":112,"type":"binary-expr","locations":[{"start":{"line":112,"column":45},"end":{"line":112,"column":79},"skip":true},{"start":{"line":112,"column":83},"end":{"line":121,"column":9},"skip":true}]},"12":{"line":123,"type":"binary-expr","locations":[{"start":{"line":123,"column":42},"end":{"line":123,"column":73},"skip":true},{"start":{"line":123,"column":77},"end":{"line":136,"column":9},"skip":true}]},"13":{"line":138,"type":"binary-expr","locations":[{"start":{"line":138,"column":48},"end":{"line":138,"column":85},"skip":true},{"start":{"line":139,"column":12},"end":{"line":145,"column":13},"skip":true}]},"14":{"line":147,"type":"binary-expr","locations":[{"start":{"line":147,"column":42},"end":{"line":147,"column":73},"skip":true},{"start":{"line":147,"column":77},"end":{"line":156,"column":9},"skip":true}]},"15":{"line":158,"type":"binary-expr","locations":[{"start":{"line":158,"column":45},"end":{"line":158,"column":79},"skip":true},{"start":{"line":158,"column":83},"end":{"line":167,"column":9},"skip":true}]},"16":{"line":169,"type":"binary-expr","locations":[{"start":{"line":169,"column":43},"end":{"line":169,"column":75},"skip":true},{"start":{"line":169,"column":79},"end":{"line":178,"column":9},"skip":true}]},"17":{"line":180,"type":"binary-expr","locations":[{"start":{"line":180,"column":41},"end":{"line":180,"column":71},"skip":true},{"start":{"line":180,"column":75},"end":{"line":189,"column":9},"skip":true}]}},"code":["/* istanbul instrument in package npmtest_node_windows */","/*jslint","    bitwise: true,","    browser: true,","    maxerr: 8,","    maxlen: 96,","    node: true,","    nomen: true,","    regexp: true,","    stupid: true","*/","(function () {","    'use strict';","    var local;","","","","    // run shared js-env code - pre-init","    (function () {","        // init local","        local = {};","        // init modeJs","        local.modeJs = (function () {","            try {","                return typeof navigator.userAgent === 'string' &&","                    typeof document.querySelector('body') === 'object' &&","                    typeof XMLHttpRequest.prototype.open === 'function' &&","                    'browser';","            } catch (errorCaughtBrowser) {","                return module.exports &&","                    typeof process.versions.node === 'string' &&","                    typeof require('http').createServer === 'function' &&","                    'node';","            }","        }());","        // init global","        local.global = local.modeJs === 'browser'","            ? window","            : global;","        switch (local.modeJs) {","        // re-init local from window.local","        case 'browser':","            local = local.global.utility2.objectSetDefault(","                local.global.utility2_rollup || local.global.local,","                local.global.utility2","            );","            break;","        // re-init local from example.js","        case 'node':","            local = (local.global.utility2_rollup || require('utility2'))","                .requireReadme();","            break;","        }","        // export local","        local.global.local = local;","    }());","","","","    // run shared js-env code - function","    (function () {","        return;","    }());","    switch (local.modeJs) {","","","","    // run browser js-env code - function","    case 'browser':","        break;","","","","    // run node js-env code - function","    case 'node':","        break;","    }","","","","    // run shared js-env code - post-init","    (function () {","        return;","    }());","    switch (local.modeJs) {","","","","    // run browser js-env code - post-init","    case 'browser':","        local.testCase_browser_nullCase = local.testCase_browser_nullCase || function (","            options,","            onError","        ) {","        /*","         * this function will test browsers's null-case handling-behavior-behavior","         */","            onError(null, options);","        };","","        // run tests","        local.nop(local.modeTest &&","            document.querySelector('#testRunButton1') &&","            document.querySelector('#testRunButton1').click());","        break;","","","","    // run node js-env code - post-init","    /* istanbul ignore next */","    case 'node':","        local.testCase_buildApidoc_default = local.testCase_buildApidoc_default || function (","            options,","            onError","        ) {","        /*","         * this function will test buildApidoc's default handling-behavior-behavior","         */","            options = { modulePathList: module.paths };","            local.buildApidoc(options, onError);","        };","","        local.testCase_buildApp_default = local.testCase_buildApp_default || function (","            options,","            onError","        ) {","        /*","         * this function will test buildApp's default handling-behavior-behavior","         */","            local.testCase_buildReadme_default(options, local.onErrorThrow);","            local.testCase_buildLib_default(options, local.onErrorThrow);","            local.testCase_buildTest_default(options, local.onErrorThrow);","            local.testCase_buildCustomOrg_default(options, local.onErrorThrow);","            options = [];","            local.buildApp(options, onError);","        };","","        local.testCase_buildCustomOrg_default = local.testCase_buildCustomOrg_default ||","            function (options, onError) {","            /*","             * this function will test buildCustomOrg's default handling-behavior","             */","                options = {};","                local.buildCustomOrg(options, onError);","            };","","        local.testCase_buildLib_default = local.testCase_buildLib_default || function (","            options,","            onError","        ) {","        /*","         * this function will test buildLib's default handling-behavior","         */","            options = {};","            local.buildLib(options, onError);","        };","","        local.testCase_buildReadme_default = local.testCase_buildReadme_default || function (","            options,","            onError","        ) {","        /*","         * this function will test buildReadme's default handling-behavior-behavior","         */","            options = {};","            local.buildReadme(options, onError);","        };","","        local.testCase_buildTest_default = local.testCase_buildTest_default || function (","            options,","            onError","        ) {","        /*","         * this function will test buildTest's default handling-behavior","         */","            options = {};","            local.buildTest(options, onError);","        };","","        local.testCase_webpage_default = local.testCase_webpage_default || function (","            options,","            onError","        ) {","        /*","         * this function will test webpage's default handling-behavior","         */","            options = { modeCoverageMerge: true, url: local.serverLocalHost + '?modeTest=1' };","            local.browserTest(options, onError);","        };","","        // run test-server","        local.testRunServer(local);","        break;","    }","}());",""],"l":{"12":2,"14":2,"19":2,"21":2,"23":2,"24":2,"25":2,"30":1,"37":2,"40":2,"43":1,"47":1,"50":1,"52":1,"55":2,"61":2,"62":2,"64":2,"70":1,"76":1,"82":2,"83":2,"85":2,"91":1,"98":1,"102":1,"105":1,"112":1,"119":1,"120":1,"123":1,"130":1,"131":1,"132":1,"133":1,"134":1,"135":1,"138":1,"143":2,"144":2,"147":1,"154":2,"155":2,"158":1,"165":2,"166":2,"169":1,"176":2,"177":2,"180":1,"187":1,"188":1,"192":1,"193":1}},"/home/travis/build/npmtest/node-npmtest-node-windows/lib.npmtest_node_windows.js":{"path":"/home/travis/build/npmtest/node-npmtest-node-windows/lib.npmtest_node_windows.js","s":{"1":2,"2":2,"3":2,"4":2,"5":2,"6":2,"7":2,"8":1,"9":2,"10":2,"11":2,"12":2,"13":1,"14":1,"15":1,"16":1},"b":{"1":[2,1,1,1],"2":[1,1,1,1],"3":[1,1],"4":[2,2],"5":[1,1]},"f":{"1":2,"2":2,"3":2},"fnMap":{"1":{"name":"(anonymous_1)","line":12,"loc":{"start":{"line":12,"column":1},"end":{"line":12,"column":13}}},"2":{"name":"(anonymous_2)","line":19,"loc":{"start":{"line":19,"column":5},"end":{"line":19,"column":17}}},"3":{"name":"(anonymous_3)","line":23,"loc":{"start":{"line":23,"column":24},"end":{"line":23,"column":36}}}},"statementMap":{"1":{"start":{"line":12,"column":0},"end":{"line":53,"column":5}},"2":{"start":{"line":14,"column":4},"end":{"line":14,"column":14}},"3":{"start":{"line":19,"column":4},"end":{"line":52,"column":9}},"4":{"start":{"line":21,"column":8},"end":{"line":21,"column":19}},"5":{"start":{"line":23,"column":8},"end":{"line":35,"column":13}},"6":{"start":{"line":24,"column":12},"end":{"line":34,"column":13}},"7":{"start":{"line":25,"column":16},"end":{"line":28,"column":30}},"8":{"start":{"line":30,"column":16},"end":{"line":33,"column":27}},"9":{"start":{"line":37,"column":8},"end":{"line":39,"column":21}},"10":{"start":{"line":41,"column":8},"end":{"line":41,"column":54}},"11":{"start":{"line":43,"column":8},"end":{"line":43,"column":57}},"12":{"start":{"line":45,"column":8},"end":{"line":51,"column":9}},"13":{"start":{"line":46,"column":12},"end":{"line":46,"column":63}},"14":{"start":{"line":48,"column":12},"end":{"line":48,"column":35}},"15":{"start":{"line":49,"column":12},"end":{"line":49,"column":49}},"16":{"start":{"line":50,"column":12},"end":{"line":50,"column":43}}},"branchMap":{"1":{"line":25,"type":"binary-expr","locations":[{"start":{"line":25,"column":23},"end":{"line":25,"column":62}},{"start":{"line":26,"column":20},"end":{"line":26,"column":70}},{"start":{"line":27,"column":20},"end":{"line":27,"column":71}},{"start":{"line":28,"column":20},"end":{"line":28,"column":29}}]},"2":{"line":30,"type":"binary-expr","locations":[{"start":{"line":30,"column":23},"end":{"line":30,"column":37}},{"start":{"line":31,"column":20},"end":{"line":31,"column":61}},{"start":{"line":32,"column":20},"end":{"line":32,"column":70}},{"start":{"line":33,"column":20},"end":{"line":33,"column":26}}]},"3":{"line":37,"type":"cond-expr","locations":[{"start":{"line":38,"column":14},"end":{"line":38,"column":20}},{"start":{"line":39,"column":14},"end":{"line":39,"column":20}}]},"4":{"line":41,"type":"binary-expr","locations":[{"start":{"line":41,"column":16},"end":{"line":41,"column":44}},{"start":{"line":41,"column":48},"end":{"line":41,"column":53}}]},"5":{"line":45,"type":"if","locations":[{"start":{"line":45,"column":8},"end":{"line":45,"column":8}},{"start":{"line":45,"column":8},"end":{"line":45,"column":8}}]}},"code":["/* istanbul instrument in package npmtest_node_windows */","/*jslint","    bitwise: true,","    browser: true,","    maxerr: 8,","    maxlen: 96,","    node: true,","    nomen: true,","    regexp: true,","    stupid: true","*/","(function () {","    'use strict';","    var local;","","","","    // run shared js-env code - pre-init","    (function () {","        // init local","        local = {};","        // init modeJs","        local.modeJs = (function () {","            try {","                return typeof navigator.userAgent === 'string' &&","                    typeof document.querySelector('body') === 'object' &&","                    typeof XMLHttpRequest.prototype.open === 'function' &&","                    'browser';","            } catch (errorCaughtBrowser) {","                return module.exports &&","                    typeof process.versions.node === 'string' &&","                    typeof require('http').createServer === 'function' &&","                    'node';","            }","        }());","        // init global","        local.global = local.modeJs === 'browser'","            ? window","            : global;","        // init utility2_rollup","        local = local.global.utility2_rollup || local;","        // init lib","        local.local = local.npmtest_node_windows = local;","        // init exports","        if (local.modeJs === 'browser') {","            local.global.utility2_npmtest_node_windows = local;","        } else {","            module.exports = local;","            module.exports.__dirname = __dirname;","            module.exports.module = module;","        }","    }());","}());",""],"l":{"12":2,"14":2,"19":2,"21":2,"23":2,"24":2,"25":2,"30":1,"37":2,"41":2,"43":2,"45":2,"46":1,"48":1,"49":1,"50":1}},"/home/travis/build/npmtest/node-npmtest-node-windows/example.js":{"path":"/home/travis/build/npmtest/node-npmtest-node-windows/example.js","s":{"1":2,"2":2,"3":2,"4":2,"5":2,"6":2,"7":2,"8":1,"9":2,"10":2,"11":2,"12":2,"13":1,"14":2,"15":2,"16":2,"17":2,"18":2,"19":0,"20":2,"21":1,"22":1,"23":1,"24":1,"25":1,"26":0,"27":0,"28":1,"29":1,"30":2,"31":0,"32":0,"33":0,"34":1,"35":2,"36":2,"37":3,"38":3,"39":3,"40":3,"41":0,"42":3,"43":3,"44":3,"45":1,"46":3,"47":1,"48":1,"49":1,"50":1,"51":1,"52":1,"53":1,"54":1,"55":1,"56":1,"57":0,"58":1,"59":6,"60":6,"61":1,"62":2,"63":0,"64":2,"65":1,"66":1,"67":0,"68":0,"69":0,"70":0,"71":0,"72":0,"73":0,"74":0,"75":0,"76":0,"77":0,"78":0,"79":0,"80":0,"81":0,"82":0,"83":0},"b":{"1":[2,1,1,1],"2":[1,1,1,1],"3":[1,1],"4":[2,2],"5":[1,1],"6":[1,1],"7":[2,0],"8":[2,1,1,1,1,1],"9":[0,2,0],"10":[1,1],"11":[2,1,1],"12":[1,0],"13":[0,2],"14":[2,0,0,0,0,0,0],"15":[0,3],"16":[3,0],"17":[1,1],"18":[0,1],"19":[1,2,0,2],"20":[1,0],"21":[1,1],"22":[0,0],"23":[0,0],"24":[0,0],"25":[0,0],"26":[0,0],"27":[0,0],"28":[0,0]},"f":{"1":2,"2":2,"3":2,"4":2,"5":2,"6":2,"7":3,"8":3,"9":3,"10":1,"11":6,"12":0},"fnMap":{"1":{"name":"(anonymous_1)","line":26,"loc":{"start":{"line":26,"column":1},"end":{"line":26,"column":13}}},"2":{"name":"(anonymous_2)","line":33,"loc":{"start":{"line":33,"column":5},"end":{"line":33,"column":17}}},"3":{"name":"(anonymous_3)","line":37,"loc":{"start":{"line":37,"column":24},"end":{"line":37,"column":36}}},"4":{"name":"(anonymous_4)","line":69,"loc":{"start":{"line":69,"column":31},"end":{"line":69,"column":48}},"skip":true},"5":{"name":"(anonymous_5)","line":78,"loc":{"start":{"line":78,"column":26},"end":{"line":78,"column":45}},"skip":true},"6":{"name":"(anonymous_6)","line":123,"loc":{"start":{"line":123,"column":33},"end":{"line":123,"column":48}},"skip":true},"7":{"name":"(anonymous_7)","line":125,"loc":{"start":{"line":125,"column":27},"end":{"line":125,"column":39}},"skip":true},"8":{"name":"(anonymous_8)","line":133,"loc":{"start":{"line":133,"column":59},"end":{"line":133,"column":74}},"skip":true},"9":{"name":"(anonymous_9)","line":143,"loc":{"start":{"line":143,"column":45},"end":{"line":143,"column":62}},"skip":true},"10":{"name":"(anonymous_10)","line":144,"loc":{"start":{"line":144,"column":73},"end":{"line":144,"column":92}},"skip":true},"11":{"name":"(anonymous_11)","line":272,"loc":{"start":{"line":272,"column":51},"end":{"line":272,"column":77}},"skip":true},"12":{"name":"(anonymous_12)","line":315,"loc":{"start":{"line":315,"column":32},"end":{"line":315,"column":61}},"skip":true}},"statementMap":{"1":{"start":{"line":26,"column":0},"end":{"line":326,"column":5}},"2":{"start":{"line":28,"column":4},"end":{"line":28,"column":14}},"3":{"start":{"line":33,"column":4},"end":{"line":60,"column":9}},"4":{"start":{"line":35,"column":8},"end":{"line":35,"column":19}},"5":{"start":{"line":37,"column":8},"end":{"line":49,"column":13}},"6":{"start":{"line":38,"column":12},"end":{"line":48,"column":13}},"7":{"start":{"line":39,"column":16},"end":{"line":42,"column":30}},"8":{"start":{"line":44,"column":16},"end":{"line":47,"column":27}},"9":{"start":{"line":51,"column":8},"end":{"line":53,"column":21}},"10":{"start":{"line":55,"column":8},"end":{"line":57,"column":45}},"11":{"start":{"line":59,"column":8},"end":{"line":59,"column":35}},"12":{"start":{"line":61,"column":4},"end":{"line":325,"column":5}},"13":{"start":{"line":69,"column":8},"end":{"line":121,"column":10},"skip":true},"14":{"start":{"line":70,"column":12},"end":{"line":88,"column":13},"skip":true},"15":{"start":{"line":76,"column":16},"end":{"line":87,"column":19},"skip":true},"16":{"start":{"line":79,"column":20},"end":{"line":86,"column":21},"skip":true},"17":{"start":{"line":82,"column":24},"end":{"line":82,"column":43},"skip":true},"18":{"start":{"line":83,"column":24},"end":{"line":83,"column":30},"skip":true},"19":{"start":{"line":85,"column":24},"end":{"line":85,"column":49},"skip":true},"20":{"start":{"line":89,"column":12},"end":{"line":107,"column":13},"skip":true},"21":{"start":{"line":92,"column":16},"end":{"line":102,"column":17},"skip":true},"22":{"start":{"line":93,"column":20},"end":{"line":93,"column":86},"skip":true},"23":{"start":{"line":94,"column":20},"end":{"line":95,"column":45},"skip":true},"24":{"start":{"line":96,"column":20},"end":{"line":96,"column":42},"skip":true},"25":{"start":{"line":97,"column":20},"end":{"line":97,"column":48},"skip":true},"26":{"start":{"line":100,"column":20},"end":{"line":100,"column":85},"skip":true},"27":{"start":{"line":101,"column":20},"end":{"line":101,"column":96},"skip":true},"28":{"start":{"line":103,"column":16},"end":{"line":103,"column":22},"skip":true},"29":{"start":{"line":106,"column":16},"end":{"line":106,"column":22},"skip":true},"30":{"start":{"line":108,"column":12},"end":{"line":120,"column":13},"skip":true},"31":{"start":{"line":114,"column":16},"end":{"line":119,"column":17},"skip":true},"32":{"start":{"line":116,"column":20},"end":{"line":116,"column":78},"skip":true},"33":{"start":{"line":118,"column":20},"end":{"line":118,"column":47},"skip":true},"34":{"start":{"line":123,"column":8},"end":{"line":141,"column":11},"skip":true},"35":{"start":{"line":124,"column":12},"end":{"line":124,"column":54},"skip":true},"36":{"start":{"line":125,"column":12},"end":{"line":140,"column":14},"skip":true},"37":{"start":{"line":126,"column":16},"end":{"line":126,"column":28},"skip":true},"38":{"start":{"line":127,"column":16},"end":{"line":127,"column":69},"skip":true},"39":{"start":{"line":128,"column":16},"end":{"line":128,"column":75},"skip":true},"40":{"start":{"line":129,"column":16},"end":{"line":131,"column":17},"skip":true},"41":{"start":{"line":130,"column":20},"end":{"line":130,"column":27},"skip":true},"42":{"start":{"line":133,"column":16},"end":{"line":137,"column":36},"skip":true},"43":{"start":{"line":134,"column":20},"end":{"line":136,"column":55},"skip":true},"44":{"start":{"line":139,"column":16},"end":{"line":139,"column":57},"skip":true},"45":{"start":{"line":143,"column":8},"end":{"line":147,"column":11},"skip":true},"46":{"start":{"line":144,"column":12},"end":{"line":146,"column":15},"skip":true},"47":{"start":{"line":145,"column":16},"end":{"line":145,"column":70},"skip":true},"48":{"start":{"line":149,"column":8},"end":{"line":149,"column":31},"skip":true},"49":{"start":{"line":150,"column":8},"end":{"line":150,"column":14},"skip":true},"50":{"start":{"line":158,"column":8},"end":{"line":158,"column":31},"skip":true},"51":{"start":{"line":160,"column":8},"end":{"line":160,"column":33},"skip":true},"52":{"start":{"line":161,"column":8},"end":{"line":161,"column":37},"skip":true},"53":{"start":{"line":162,"column":8},"end":{"line":162,"column":35},"skip":true},"54":{"start":{"line":164,"column":8},"end":{"line":164,"column":50},"skip":true},"55":{"start":{"line":166,"column":8},"end":{"line":256,"column":2},"skip":true},"56":{"start":{"line":258,"column":8},"end":{"line":286,"column":9},"skip":true},"57":{"start":{"line":259,"column":12},"end":{"line":269,"column":14},"skip":true},"58":{"start":{"line":271,"column":12},"end":{"line":285,"column":19},"skip":true},"59":{"start":{"line":274,"column":20},"end":{"line":274,"column":35},"skip":true},"60":{"start":{"line":275,"column":20},"end":{"line":284,"column":21},"skip":true},"61":{"start":{"line":277,"column":24},"end":{"line":277,"column":64},"skip":true},"62":{"start":{"line":279,"column":24},"end":{"line":279,"column":40},"skip":true},"63":{"start":{"line":281,"column":24},"end":{"line":281,"column":40},"skip":true},"64":{"start":{"line":283,"column":24},"end":{"line":283,"column":39},"skip":true},"65":{"start":{"line":288,"column":8},"end":{"line":290,"column":9},"skip":true},"66":{"start":{"line":289,"column":12},"end":{"line":289,"column":18},"skip":true},"67":{"start":{"line":291,"column":8},"end":{"line":293,"column":54},"skip":true},"68":{"start":{"line":296,"column":8},"end":{"line":301,"column":37},"skip":true},"69":{"start":{"line":303,"column":8},"end":{"line":303,"column":82},"skip":true},"70":{"start":{"line":306,"column":8},"end":{"line":308,"column":9},"skip":true},"71":{"start":{"line":307,"column":12},"end":{"line":307,"column":82},"skip":true},"72":{"start":{"line":310,"column":8},"end":{"line":312,"column":9},"skip":true},"73":{"start":{"line":311,"column":12},"end":{"line":311,"column":18},"skip":true},"74":{"start":{"line":313,"column":8},"end":{"line":313,"column":54},"skip":true},"75":{"start":{"line":314,"column":8},"end":{"line":314,"column":69},"skip":true},"76":{"start":{"line":315,"column":8},"end":{"line":323,"column":36},"skip":true},"77":{"start":{"line":316,"column":12},"end":{"line":316,"column":61},"skip":true},"78":{"start":{"line":317,"column":12},"end":{"line":320,"column":13},"skip":true},"79":{"start":{"line":318,"column":16},"end":{"line":318,"column":75},"skip":true},"80":{"start":{"line":319,"column":16},"end":{"line":319,"column":23},"skip":true},"81":{"start":{"line":321,"column":12},"end":{"line":321,"column":38},"skip":true},"82":{"start":{"line":322,"column":12},"end":{"line":322,"column":27},"skip":true},"83":{"start":{"line":324,"column":8},"end":{"line":324,"column":14},"skip":true}},"branchMap":{"1":{"line":39,"type":"binary-expr","locations":[{"start":{"line":39,"column":23},"end":{"line":39,"column":62}},{"start":{"line":40,"column":20},"end":{"line":40,"column":70}},{"start":{"line":41,"column":20},"end":{"line":41,"column":71}},{"start":{"line":42,"column":20},"end":{"line":42,"column":29}}]},"2":{"line":44,"type":"binary-expr","locations":[{"start":{"line":44,"column":23},"end":{"line":44,"column":37}},{"start":{"line":45,"column":20},"end":{"line":45,"column":61}},{"start":{"line":46,"column":20},"end":{"line":46,"column":70}},{"start":{"line":47,"column":20},"end":{"line":47,"column":26}}]},"3":{"line":51,"type":"cond-expr","locations":[{"start":{"line":52,"column":14},"end":{"line":52,"column":20}},{"start":{"line":53,"column":14},"end":{"line":53,"column":20}}]},"4":{"line":55,"type":"binary-expr","locations":[{"start":{"line":55,"column":16},"end":{"line":55,"column":44}},{"start":{"line":55,"column":49},"end":{"line":57,"column":43}}]},"5":{"line":55,"type":"cond-expr","locations":[{"start":{"line":56,"column":14},"end":{"line":56,"column":56}},{"start":{"line":57,"column":14},"end":{"line":57,"column":43}}]},"6":{"line":61,"type":"switch","locations":[{"start":{"line":68,"column":4},"end":{"line":150,"column":14},"skip":true},{"start":{"line":156,"column":4},"end":{"line":324,"column":14},"skip":true}]},"7":{"line":70,"type":"if","locations":[{"start":{"line":70,"column":12},"end":{"line":70,"column":12},"skip":true},{"start":{"line":70,"column":12},"end":{"line":70,"column":12},"skip":true}]},"8":{"line":70,"type":"binary-expr","locations":[{"start":{"line":70,"column":16},"end":{"line":70,"column":22},"skip":true},{"start":{"line":70,"column":27},"end":{"line":70,"column":32},"skip":true},{"start":{"line":71,"column":20},"end":{"line":71,"column":39},"skip":true},{"start":{"line":72,"column":20},"end":{"line":72,"column":49},"skip":true},{"start":{"line":73,"column":20},"end":{"line":73,"column":58},"skip":true},{"start":{"line":74,"column":20},"end":{"line":74,"column":69},"skip":true}]},"9":{"line":79,"type":"switch","locations":[{"start":{"line":80,"column":20},"end":{"line":80,"column":33},"skip":true},{"start":{"line":81,"column":20},"end":{"line":83,"column":30},"skip":true},{"start":{"line":84,"column":20},"end":{"line":85,"column":49},"skip":true}]},"10":{"line":89,"type":"switch","locations":[{"start":{"line":90,"column":12},"end":{"line":103,"column":22},"skip":true},{"start":{"line":105,"column":12},"end":{"line":106,"column":22},"skip":true}]},"11":{"line":89,"type":"binary-expr","locations":[{"start":{"line":89,"column":20},"end":{"line":89,"column":25},"skip":true},{"start":{"line":89,"column":29},"end":{"line":89,"column":48},"skip":true},{"start":{"line":89,"column":52},"end":{"line":89,"column":74},"skip":true}]},"12":{"line":92,"type":"if","locations":[{"start":{"line":92,"column":16},"end":{"line":92,"column":16},"skip":true},{"start":{"line":92,"column":16},"end":{"line":92,"column":16},"skip":true}]},"13":{"line":108,"type":"if","locations":[{"start":{"line":108,"column":12},"end":{"line":108,"column":12},"skip":true},{"start":{"line":108,"column":12},"end":{"line":108,"column":12},"skip":true}]},"14":{"line":108,"type":"binary-expr","locations":[{"start":{"line":108,"column":16},"end":{"line":108,"column":61},"skip":true},{"start":{"line":108,"column":66},"end":{"line":108,"column":72},"skip":true},{"start":{"line":108,"column":77},"end":{"line":108,"column":82},"skip":true},{"start":{"line":109,"column":20},"end":{"line":109,"column":39},"skip":true},{"start":{"line":110,"column":20},"end":{"line":110,"column":49},"skip":true},{"start":{"line":111,"column":20},"end":{"line":111,"column":58},"skip":true},{"start":{"line":112,"column":20},"end":{"line":112,"column":68},"skip":true}]},"15":{"line":129,"type":"if","locations":[{"start":{"line":129,"column":16},"end":{"line":129,"column":16},"skip":true},{"start":{"line":129,"column":16},"end":{"line":129,"column":16},"skip":true}]},"16":{"line":134,"type":"cond-expr","locations":[{"start":{"line":135,"column":26},"end":{"line":135,"column":29},"skip":true},{"start":{"line":136,"column":26},"end":{"line":136,"column":54},"skip":true}]},"17":{"line":164,"type":"binary-expr","locations":[{"start":{"line":164,"column":27},"end":{"line":164,"column":43},"skip":true},{"start":{"line":164,"column":47},"end":{"line":164,"column":49},"skip":true}]},"18":{"line":258,"type":"if","locations":[{"start":{"line":258,"column":8},"end":{"line":258,"column":8},"skip":true},{"start":{"line":258,"column":8},"end":{"line":258,"column":8},"skip":true}]},"19":{"line":275,"type":"switch","locations":[{"start":{"line":276,"column":20},"end":{"line":277,"column":64},"skip":true},{"start":{"line":278,"column":20},"end":{"line":279,"column":40},"skip":true},{"start":{"line":280,"column":20},"end":{"line":281,"column":40},"skip":true},{"start":{"line":282,"column":20},"end":{"line":283,"column":39},"skip":true}]},"20":{"line":288,"type":"if","locations":[{"start":{"line":288,"column":8},"end":{"line":288,"column":8},"skip":true},{"start":{"line":288,"column":8},"end":{"line":288,"column":8},"skip":true}]},"21":{"line":288,"type":"binary-expr","locations":[{"start":{"line":288,"column":12},"end":{"line":288,"column":40},"skip":true},{"start":{"line":288,"column":44},"end":{"line":288,"column":67},"skip":true}]},"22":{"line":292,"type":"binary-expr","locations":[{"start":{"line":292,"column":12},"end":{"line":292,"column":50},"skip":true},{"start":{"line":293,"column":12},"end":{"line":293,"column":53},"skip":true}]},"23":{"line":297,"type":"binary-expr","locations":[{"start":{"line":297,"column":12},"end":{"line":297,"column":70},"skip":true},{"start":{"line":298,"column":12},"end":{"line":301,"column":36},"skip":true}]},"24":{"line":303,"type":"binary-expr","locations":[{"start":{"line":303,"column":43},"end":{"line":303,"column":75},"skip":true},{"start":{"line":303,"column":79},"end":{"line":303,"column":81},"skip":true}]},"25":{"line":306,"type":"if","locations":[{"start":{"line":306,"column":8},"end":{"line":306,"column":8},"skip":true},{"start":{"line":306,"column":8},"end":{"line":306,"column":8},"skip":true}]},"26":{"line":310,"type":"if","locations":[{"start":{"line":310,"column":8},"end":{"line":310,"column":8},"skip":true},{"start":{"line":310,"column":8},"end":{"line":310,"column":8},"skip":true}]},"27":{"line":313,"type":"binary-expr","locations":[{"start":{"line":313,"column":27},"end":{"line":313,"column":43},"skip":true},{"start":{"line":313,"column":47},"end":{"line":313,"column":53},"skip":true}]},"28":{"line":317,"type":"if","locations":[{"start":{"line":317,"column":12},"end":{"line":317,"column":12},"skip":true},{"start":{"line":317,"column":12},"end":{"line":317,"column":12},"skip":true}]}},"code":["/*","example.js","","quickstart example","","instruction","    1. save this script as example.js","    2. run the shell command:","        $ npm install npmtest-node-windows && PORT=8081 node example.js","    3. play with the browser-demo on http://127.0.0.1:8081","*/","","","","/* istanbul instrument in package npmtest_node_windows */","/*jslint","    bitwise: true,","    browser: true,","    maxerr: 8,","    maxlen: 96,","    node: true,","    nomen: true,","    regexp: true,","    stupid: true","*/","(function () {","    'use strict';","    var local;","","","","    // run shared js-env code - pre-init","    (function () {","        // init local","        local = {};","        // init modeJs","        local.modeJs = (function () {","            try {","                return typeof navigator.userAgent === 'string' &&","                    typeof document.querySelector('body') === 'object' &&","                    typeof XMLHttpRequest.prototype.open === 'function' &&","                    'browser';","            } catch (errorCaughtBrowser) {","                return module.exports &&","                    typeof process.versions.node === 'string' &&","                    typeof require('http').createServer === 'function' &&","                    'node';","            }","        }());","        // init global","        local.global = local.modeJs === 'browser'","            ? window","            : global;","        // init utility2_rollup","        local = local.global.utility2_rollup || (local.modeJs === 'browser'","            ? local.global.utility2_npmtest_node_windows","            : global.utility2_moduleExports);","        // export local","        local.global.local = local;","    }());","    switch (local.modeJs) {","","","","    // post-init","    // run browser js-env code - post-init","    /* istanbul ignore next */","    case 'browser':","        local.testRunBrowser = function (event) {","            if (!event || (event &&","                    event.currentTarget &&","                    event.currentTarget.className &&","                    event.currentTarget.className.includes &&","                    event.currentTarget.className.includes('onreset'))) {","                // reset output","                Array.from(","                    document.querySelectorAll('body > .resettable')","                ).forEach(function (element) {","                    switch (element.tagName) {","                    case 'INPUT':","                    case 'TEXTAREA':","                        element.value = '';","                        break;","                    default:","                        element.textContent = '';","                    }","                });","            }","            switch (event && event.currentTarget && event.currentTarget.id) {","            case 'testRunButton1':","                // show tests","                if (document.querySelector('#testReportDiv1').style.display === 'none') {","                    document.querySelector('#testReportDiv1').style.display = 'block';","                    document.querySelector('#testRunButton1').textContent =","                        'hide internal test';","                    local.modeTest = true;","                    local.testRunDefault(local);","                // hide tests","                } else {","                    document.querySelector('#testReportDiv1').style.display = 'none';","                    document.querySelector('#testRunButton1').textContent = 'run internal test';","                }","                break;","            // custom-case","            default:","                break;","            }","            if (document.querySelector('#inputTextareaEval1') && (!event || (event &&","                    event.currentTarget &&","                    event.currentTarget.className &&","                    event.currentTarget.className.includes &&","                    event.currentTarget.className.includes('oneval')))) {","                // try to eval input-code","                try {","                    /*jslint evil: true*/","                    eval(document.querySelector('#inputTextareaEval1').value);","                } catch (errorCaught) {","                    console.error(errorCaught);","                }","            }","        };","        // log stderr and stdout to #outputTextareaStdout1","        ['error', 'log'].forEach(function (key) {","            console[key + '_original'] = console[key];","            console[key] = function () {","                var element;","                console[key + '_original'].apply(console, arguments);","                element = document.querySelector('#outputTextareaStdout1');","                if (!element) {","                    return;","                }","                // append text to #outputTextareaStdout1","                element.value += Array.from(arguments).map(function (arg) {","                    return typeof arg === 'string'","                        ? arg","                        : JSON.stringify(arg, null, 4);","                }).join(' ') + '\\n';","                // scroll textarea to bottom","                element.scrollTop = element.scrollHeight;","            };","        });","        // init event-handling","        ['change', 'click', 'keyup'].forEach(function (event) {","            Array.from(document.querySelectorAll('.on' + event)).forEach(function (element) {","                element.addEventListener(event, local.testRunBrowser);","            });","        });","        // run tests","        local.testRunBrowser();","        break;","","","","    // run node js-env code - post-init","    /* istanbul ignore next */","    case 'node':","        // export local","        module.exports = local;","        // require modules","        local.fs = require('fs');","        local.http = require('http');","        local.url = require('url');","        // init assets","        local.assetsDict = local.assetsDict || {};","        /* jslint-ignore-begin */","        local.assetsDict['/assets.index.template.html'] = '\\","<!doctype html>\\n\\","<html lang=\"en\">\\n\\","<head>\\n\\","<meta charset=\"UTF-8\">\\n\\","<meta name=\"viewport\" content=\"width=device-width, initial-scale=1\">\\n\\","<title>{{env.npm_package_name}} (v{{env.npm_package_version}})</title>\\n\\","<style>\\n\\","/*csslint\\n\\","    box-sizing: false,\\n\\","    universal-selector: false\\n\\","*/\\n\\","* {\\n\\","    box-sizing: border-box;\\n\\","}\\n\\","body {\\n\\","    background: #dde;\\n\\","    font-family: Arial, Helvetica, sans-serif;\\n\\","    margin: 2rem;\\n\\","}\\n\\","body > * {\\n\\","    margin-bottom: 1rem;\\n\\","}\\n\\",".utility2FooterDiv {\\n\\","    margin-top: 20px;\\n\\","    text-align: center;\\n\\","}\\n\\","</style>\\n\\","<style>\\n\\","/*csslint\\n\\","*/\\n\\","textarea {\\n\\","    font-family: monospace;\\n\\","    height: 10rem;\\n\\","    width: 100%;\\n\\","}\\n\\","textarea[readonly] {\\n\\","    background: #ddd;\\n\\","}\\n\\","</style>\\n\\","</head>\\n\\","<body>\\n\\","<!-- utility2-comment\\n\\","<div id=\"ajaxProgressDiv1\" style=\"background: #d00; height: 2px; left: 0; margin: 0; padding: 0; position: fixed; top: 0; transition: background 0.5s, width 1.5s; width: 25%;\"></div>\\n\\","utility2-comment -->\\n\\","<h1>\\n\\","<!-- utility2-comment\\n\\","    <a\\n\\","        {{#if env.npm_package_homepage}}\\n\\","        href=\"{{env.npm_package_homepage}}\"\\n\\","        {{/if env.npm_package_homepage}}\\n\\","        target=\"_blank\"\\n\\","    >\\n\\","utility2-comment -->\\n\\","        {{env.npm_package_name}} (v{{env.npm_package_version}})\\n\\","<!-- utility2-comment\\n\\","    </a>\\n\\","utility2-comment -->\\n\\","</h1>\\n\\","<h3>{{env.npm_package_description}}</h3>\\n\\","<!-- utility2-comment\\n\\","<h4><a download href=\"assets.app.js\">download standalone app</a></h4>\\n\\","<button class=\"onclick onreset\" id=\"testRunButton1\">run internal test</button><br>\\n\\","<div id=\"testReportDiv1\" style=\"display: none;\"></div>\\n\\","utility2-comment -->\\n\\","\\n\\","\\n\\","\\n\\","<label>stderr and stdout</label>\\n\\","<textarea class=\"resettable\" id=\"outputTextareaStdout1\" readonly></textarea>\\n\\","<!-- utility2-comment\\n\\","{{#if isRollup}}\\n\\","<script src=\"assets.app.js\"></script>\\n\\","{{#unless isRollup}}\\n\\","utility2-comment -->\\n\\","<script src=\"assets.utility2.rollup.js\"></script>\\n\\","<script src=\"jsonp.utility2._stateInit?callback=window.utility2._stateInit\"></script>\\n\\","<script src=\"assets.npmtest_node_windows.rollup.js\"></script>\\n\\","<script src=\"assets.example.js\"></script>\\n\\","<script src=\"assets.test.js\"></script>\\n\\","<!-- utility2-comment\\n\\","{{/if isRollup}}\\n\\","utility2-comment -->\\n\\","<div class=\"utility2FooterDiv\">\\n\\","    [ this app was created with\\n\\","    <a href=\"https://github.com/kaizhu256/node-utility2\" target=\"_blank\">utility2</a>\\n\\","    ]\\n\\","</div>\\n\\","</body>\\n\\","</html>\\n\\","';","        /* jslint-ignore-end */","        if (local.templateRender) {","            local.assetsDict['/'] = local.templateRender(","                local.assetsDict['/assets.index.template.html'],","                {","                    env: local.objectSetDefault(local.env, {","                        npm_package_description: 'the greatest app in the world!',","                        npm_package_name: 'my-app',","                        npm_package_nameAlias: 'my_app',","                        npm_package_version: '0.0.1'","                    })","                }","            );","        } else {","            local.assetsDict['/'] = local.assetsDict['/assets.index.template.html']","                .replace((/\\{\\{env\\.(\\w+?)\\}\\}/g), function (match0, match1) {","                    // jslint-hack","                    String(match0);","                    switch (match1) {","                    case 'npm_package_description':","                        return 'the greatest app in the world!';","                    case 'npm_package_name':","                        return 'my-app';","                    case 'npm_package_nameAlias':","                        return 'my_app';","                    case 'npm_package_version':","                        return '0.0.1';","                    }","                });","        }","        // run the cli","        if (local.global.utility2_rollup || module !== require.main) {","            break;","        }","        local.assetsDict['/assets.example.js'] =","            local.assetsDict['/assets.example.js'] ||","            local.fs.readFileSync(__filename, 'utf8');","        // bug-workaround - long $npm_package_buildCustomOrg","        /* jslint-ignore-begin */","        local.assetsDict['/assets.npmtest_node_windows.rollup.js'] =","            local.assetsDict['/assets.npmtest_node_windows.rollup.js'] ||","            local.fs.readFileSync(","                local.npmtest_node_windows.__dirname + '/lib.npmtest_node_windows.js',","                'utf8'","            ).replace((/^#!/), '//');","        /* jslint-ignore-end */","        local.assetsDict['/favicon.ico'] = local.assetsDict['/favicon.ico'] || '';","        // if $npm_config_timeout_exit exists,","        // then exit this process after $npm_config_timeout_exit ms","        if (Number(process.env.npm_config_timeout_exit)) {","            setTimeout(process.exit, Number(process.env.npm_config_timeout_exit));","        }","        // start server","        if (local.global.utility2_serverHttp1) {","            break;","        }","        process.env.PORT = process.env.PORT || '8081';","        console.error('server starting on port ' + process.env.PORT);","        local.http.createServer(function (request, response) {","            request.urlParsed = local.url.parse(request.url);","            if (local.assetsDict[request.urlParsed.pathname] !== undefined) {","                response.end(local.assetsDict[request.urlParsed.pathname]);","                return;","            }","            response.statusCode = 404;","            response.end();","        }).listen(process.env.PORT);","        break;","    }","}());",""],"l":{"26":2,"28":2,"33":2,"35":2,"37":2,"38":2,"39":2,"44":1,"51":2,"55":2,"59":2,"61":2,"69":1,"70":2,"76":2,"79":2,"82":2,"83":2,"85":1,"89":2,"92":1,"93":1,"94":1,"96":1,"97":1,"100":1,"101":1,"103":1,"106":1,"108":2,"114":1,"116":1,"118":1,"123":1,"124":2,"125":2,"126":3,"127":3,"128":3,"129":3,"130":1,"133":3,"134":3,"139":3,"143":1,"144":3,"145":1,"149":1,"150":1,"158":1,"160":1,"161":1,"162":1,"164":1,"166":1,"258":1,"259":1,"271":1,"274":6,"275":6,"277":1,"279":2,"281":1,"283":2,"288":1,"289":1,"291":1,"296":1,"303":1,"306":1,"307":1,"310":1,"311":1,"313":1,"314":1,"315":1,"316":1,"317":1,"318":1,"319":1,"321":1,"322":1,"324":1}},"/home/travis/build/npmtest/node-npmtest-node-windows/node_modules/node-windows/lib/node-windows.js":{"path":"/home/travis/build/npmtest/node-npmtest-node-windows/node_modules/node-windows/lib/node-windows.js","s":{"1":2,"2":2,"3":0,"4":0,"5":0,"6":0,"7":0,"8":0},"b":{"1":[2,0]},"f":{},"fnMap":{},"statementMap":{"1":{"start":{"line":18,"column":0},"end":{"line":20,"column":1}},"2":{"start":{"line":19,"column":2},"end":{"line":19,"column":53}},"3":{"start":{"line":23,"column":0},"end":{"line":23,"column":39}},"4":{"start":{"line":26,"column":0},"end":{"line":26,"column":32}},"5":{"start":{"line":27,"column":0},"end":{"line":29,"column":1}},"6":{"start":{"line":28,"column":2},"end":{"line":28,"column":40}},"7":{"start":{"line":32,"column":0},"end":{"line":32,"column":45}},"8":{"start":{"line":33,"column":0},"end":{"line":33,"column":51}}},"branchMap":{"1":{"line":18,"type":"if","locations":[{"start":{"line":18,"column":0},"end":{"line":18,"column":0}},{"start":{"line":18,"column":0},"end":{"line":18,"column":0}}]}},"code":["/**"," * @class nodewindows"," * This is a standalone module, originally designed for internal use in [NGN](http://github.com/thinkfirst/NGN)."," * However; it is capable of providing the same features for Node.JS scripts"," * independently of NGN."," *"," * ### Getting node-windows"," *"," * `npm install -g node-windows`"," *"," * ### Using node-windows"," *"," * `var nw = require('node-windows');`"," *"," * @singleton"," * @author Corey Butler"," */","if (require('os').platform().indexOf('win32') < 0){","  throw 'node-windows is only supported on Windows.';","}","","// Add binary invokers","module.exports = require('./binaries');","","// Add command line shortcuts","var commands = require('./cmd');","for (var item in commands){","  module.exports[item] = commands[item];","}","","// Add daemon management capabilities","module.exports.Service = require('./daemon');","module.exports.EventLogger = require('./eventlog');",""],"l":{"18":2,"19":2,"23":0,"26":0,"27":0,"28":0,"32":0,"33":0}},"/home/travis/build/npmtest/node-npmtest-node-windows/node_modules/node-windows/lib/binaries.js":{"path":"/home/travis/build/npmtest/node-npmtest-node-windows/node_modules/node-windows/lib/binaries.js","s":{"1":1,"2":1,"3":0,"4":0,"5":0,"6":0,"7":0,"8":0,"9":0,"10":0,"11":1,"12":0,"13":0,"14":0,"15":0,"16":0,"17":0,"18":0,"19":0,"20":0},"b":{"1":[0,0],"2":[0,0],"3":[0,0],"4":[0,0],"5":[0,0],"6":[0,0],"7":[0,0]},"f":{"1":0,"2":0,"3":0,"4":0},"fnMap":{"1":{"name":"(anonymous_1)","line":5,"loc":{"start":{"line":5,"column":13},"end":{"line":5,"column":40}}},"2":{"name":"(anonymous_2)","line":6,"loc":{"start":{"line":6,"column":25},"end":{"line":6,"column":35}}},"3":{"name":"(anonymous_3)","line":42,"loc":{"start":{"line":42,"column":11},"end":{"line":42,"column":42}}},"4":{"name":"(anonymous_4)","line":68,"loc":{"start":{"line":68,"column":8},"end":{"line":68,"column":47}}}},"statementMap":{"1":{"start":{"line":1,"column":0},"end":{"line":3,"column":41}},"2":{"start":{"line":5,"column":0},"end":{"line":16,"column":1}},"3":{"start":{"line":6,"column":2},"end":{"line":6,"column":38}},"4":{"start":{"line":7,"column":2},"end":{"line":7,"column":26}},"5":{"start":{"line":8,"column":2},"end":{"line":11,"column":3}},"6":{"start":{"line":9,"column":4},"end":{"line":9,"column":23}},"7":{"start":{"line":10,"column":4},"end":{"line":10,"column":17}},"8":{"start":{"line":12,"column":2},"end":{"line":14,"column":3}},"9":{"start":{"line":13,"column":4},"end":{"line":13,"column":39}},"10":{"start":{"line":15,"column":2},"end":{"line":15,"column":45}},"11":{"start":{"line":18,"column":0},"end":{"line":78,"column":1}},"12":{"start":{"line":43,"column":4},"end":{"line":43,"column":37}},"13":{"start":{"line":44,"column":4},"end":{"line":44,"column":83}},"14":{"start":{"line":69,"column":4},"end":{"line":69,"column":30}},"15":{"start":{"line":70,"column":4},"end":{"line":74,"column":5}},"16":{"start":{"line":71,"column":6},"end":{"line":71,"column":25}},"17":{"start":{"line":72,"column":6},"end":{"line":72,"column":25}},"18":{"start":{"line":73,"column":6},"end":{"line":73,"column":20}},"19":{"start":{"line":75,"column":4},"end":{"line":75,"column":37}},"20":{"start":{"line":76,"column":4},"end":{"line":76,"column":113}}},"branchMap":{"1":{"line":6,"type":"binary-expr","locations":[{"start":{"line":6,"column":13},"end":{"line":6,"column":21}},{"start":{"line":6,"column":25},"end":{"line":6,"column":37}}]},"2":{"line":7,"type":"binary-expr","locations":[{"start":{"line":7,"column":12},"end":{"line":7,"column":19}},{"start":{"line":7,"column":23},"end":{"line":7,"column":25}}]},"3":{"line":8,"type":"if","locations":[{"start":{"line":8,"column":2},"end":{"line":8,"column":2}},{"start":{"line":8,"column":2},"end":{"line":8,"column":2}}]},"4":{"line":12,"type":"if","locations":[{"start":{"line":12,"column":2},"end":{"line":12,"column":2}},{"start":{"line":12,"column":2},"end":{"line":12,"column":2}}]},"5":{"line":69,"type":"binary-expr","locations":[{"start":{"line":69,"column":15},"end":{"line":69,"column":23}},{"start":{"line":69,"column":27},"end":{"line":69,"column":29}}]},"6":{"line":70,"type":"if","locations":[{"start":{"line":70,"column":4},"end":{"line":70,"column":4}},{"start":{"line":70,"column":4},"end":{"line":70,"column":4}}]},"7":{"line":76,"type":"cond-expr","locations":[{"start":{"line":76,"column":68},"end":{"line":76,"column":82}},{"start":{"line":76,"column":83},"end":{"line":76,"column":85}}]}},"code":["var path = require('path'),","    bin = path.join(__dirname,'..','bin'),","    exec = require('child_process').exec;","","var params = function(options,callback) {","  callback = callback || function(){};","  options = options || {};","  if (typeof options === 'function'){","    callback = options;","    options = {};","  }","  if (typeof options !== 'object'){","    throw 'Invalid options parameter.';","  }","  return {options:options,callback:callback};","}","","module.exports = {","  /**","   * @method elevate","   * @member nodewindows","   * Elevate is similar to `sudo` on Linux/Mac. It attempts to elevate the privileges of the","   * current user to a local administrator. Using this does not require a password, but it","   * does require that the current user have administrative privileges. Without these","   * privileges, the command will fail with a `access denied` error.","   *","   * On systems with UAC enabled, this may prompt the user for permission to proceed:","   *","   * ![UAC Prompt](http://upload.wikimedia.org/wikipedia/en/5/51/Windows_7_UAC.png)","   *","   * **Syntax**:","   *","   * `elevate(cmd[,options,callback])`","   *","   * @param {String} cmd","   * The command to execute with elevated privileges. This can be any string that would be typed at the command line.","   * @param {Object} [options]","   * Any options that will be passed to `require('child_process').exec(cmd,<OPTIONS>,callback)`.","   * @param {Function} callback","   * The callback function passed to `require('child_process').exec(cmd,options,<CALLBACK>)`.","   */","  elevate: function(cmd,options,callback) {","    var p = params(options,callback);","    exec('\"'+path.join(bin,'elevate','elevate.cmd')+'\" '+cmd,p.options,p.callback);","  },","","  /**","   * @method sudo","   * @member nodewindows","   * Sudo acts similarly to `sudo` on Linux/Mac. Unlike _elevate_, it requires a password, but it","   * will not prompt the user for permission to proceed. Like _elevate_, this","   * _still requires administrative privileges_ for the user, otherwise the command will fail.","   * The primary difference between this and _elevate()_ is the prompt.","   *","   * **Syntax**:","   *","   * `sudo(cmd,password[,options,callback])`","   *","   * @param {String} cmd","   * The command to execute with elevated privileges. This can be any string that would be typed at the command line.","   * @param {String} password","   * The password of the user","   * @param {Object} [options]","   * Any options that will be passed to `require('child_process').exec(cmd,<OPTIONS>,callback)`.","   * @param {Function} [callback]","   * The callback function passed to `require('child_process').exec(cmd,options,<CALLBACK>)`.","   */","  sudo: function(cmd,password,options,callback){","    password = password || '';","    if (typeof password !== 'string'){","      callback = options;","      options = password;","      password = '';","    }","    var p = params(options,callback);","    exec(path.join(bin,'sudowin','sudo.exe')+' '+(password !== '' ? '-p '+password:'')+cmd,p.options,p.callback);","  }","}",""],"l":{"1":1,"5":1,"6":0,"7":0,"8":0,"9":0,"10":0,"12":0,"13":0,"15":0,"18":1,"43":0,"44":0,"69":0,"70":0,"71":0,"72":0,"73":0,"75":0,"76":0}},"/home/travis/build/npmtest/node-npmtest-node-windows/node_modules/node-windows/lib/cmd.js":{"path":"/home/travis/build/npmtest/node-npmtest-node-windows/node_modules/node-windows/lib/cmd.js","s":{"1":1,"2":1,"3":0,"4":0,"5":0,"6":0,"7":0,"8":0,"9":0,"10":0,"11":0,"12":0,"13":0,"14":0,"15":0,"16":0,"17":0,"18":0,"19":0,"20":0,"21":0,"22":0,"23":0,"24":0,"25":0,"26":0,"27":0,"28":0,"29":0,"30":0,"31":0},"b":{"1":[0,0],"2":[0,0],"3":[0,0],"4":[0,0],"5":[0,0],"6":[0,0],"7":[0,0],"8":[0,0]},"f":{"1":0,"2":0,"3":0,"4":0,"5":0,"6":0,"7":0},"fnMap":{"1":{"name":"(anonymous_1)","line":16,"loc":{"start":{"line":16,"column":15},"end":{"line":16,"column":33}}},"2":{"name":"(anonymous_2)","line":17,"loc":{"start":{"line":17,"column":23},"end":{"line":17,"column":42}}},"3":{"name":"(anonymous_3)","line":19,"loc":{"start":{"line":19,"column":34},"end":{"line":19,"column":56}}},"4":{"name":"(anonymous_4)","line":38,"loc":{"start":{"line":38,"column":8},"end":{"line":38,"column":36}}},"5":{"name":"(anonymous_5)","line":42,"loc":{"start":{"line":42,"column":27},"end":{"line":42,"column":37}}},"6":{"name":"(anonymous_6)","line":58,"loc":{"start":{"line":58,"column":8},"end":{"line":58,"column":34}}},"7":{"name":"(anonymous_7)","line":60,"loc":{"start":{"line":60,"column":53},"end":{"line":60,"column":80}}}},"statementMap":{"1":{"start":{"line":1,"column":0},"end":{"line":2,"column":32}},"2":{"start":{"line":4,"column":0},"end":{"line":84,"column":2}},"3":{"start":{"line":17,"column":4},"end":{"line":25,"column":7}},"4":{"start":{"line":18,"column":6},"end":{"line":24,"column":7}},"5":{"start":{"line":19,"column":8},"end":{"line":21,"column":11}},"6":{"start":{"line":20,"column":10},"end":{"line":20,"column":37}},"7":{"start":{"line":23,"column":8},"end":{"line":23,"column":23}},"8":{"start":{"line":39,"column":4},"end":{"line":41,"column":5}},"9":{"start":{"line":40,"column":6},"end":{"line":40,"column":65}},"10":{"start":{"line":42,"column":4},"end":{"line":42,"column":40}},"11":{"start":{"line":43,"column":4},"end":{"line":46,"column":5}},"12":{"start":{"line":44,"column":6},"end":{"line":44,"column":23}},"13":{"start":{"line":45,"column":6},"end":{"line":45,"column":20}},"14":{"start":{"line":47,"column":4},"end":{"line":47,"column":63}},"15":{"start":{"line":59,"column":4},"end":{"line":59,"column":60}},"16":{"start":{"line":60,"column":4},"end":{"line":81,"column":7}},"17":{"start":{"line":61,"column":6},"end":{"line":61,"column":35}},"18":{"start":{"line":62,"column":6},"end":{"line":62,"column":20}},"19":{"start":{"line":63,"column":6},"end":{"line":63,"column":22}},"20":{"start":{"line":64,"column":6},"end":{"line":79,"column":7}},"21":{"start":{"line":65,"column":8},"end":{"line":65,"column":28}},"22":{"start":{"line":66,"column":8},"end":{"line":66,"column":74}},"23":{"start":{"line":67,"column":8},"end":{"line":78,"column":9}},"24":{"start":{"line":68,"column":10},"end":{"line":68,"column":21}},"25":{"start":{"line":69,"column":10},"end":{"line":71,"column":11}},"26":{"start":{"line":70,"column":12},"end":{"line":70,"column":48}},"27":{"start":{"line":73,"column":10},"end":{"line":73,"column":23}},"28":{"start":{"line":74,"column":10},"end":{"line":76,"column":11}},"29":{"start":{"line":75,"column":12},"end":{"line":75,"column":56}},"30":{"start":{"line":77,"column":10},"end":{"line":77,"column":25}},"31":{"start":{"line":80,"column":6},"end":{"line":80,"column":21}}},"branchMap":{"1":{"line":18,"type":"if","locations":[{"start":{"line":18,"column":6},"end":{"line":18,"column":6}},{"start":{"line":18,"column":6},"end":{"line":18,"column":6}}]},"2":{"line":39,"type":"if","locations":[{"start":{"line":39,"column":4},"end":{"line":39,"column":4}},{"start":{"line":39,"column":4},"end":{"line":39,"column":4}}]},"3":{"line":42,"type":"binary-expr","locations":[{"start":{"line":42,"column":15},"end":{"line":42,"column":23}},{"start":{"line":42,"column":27},"end":{"line":42,"column":39}}]},"4":{"line":43,"type":"if","locations":[{"start":{"line":43,"column":4},"end":{"line":43,"column":4}},{"start":{"line":43,"column":4},"end":{"line":43,"column":4}}]},"5":{"line":47,"type":"cond-expr","locations":[{"start":{"line":47,"column":43},"end":{"line":47,"column":48}},{"start":{"line":47,"column":49},"end":{"line":47,"column":51}}]},"6":{"line":59,"type":"cond-expr","locations":[{"start":{"line":59,"column":44},"end":{"line":59,"column":51}},{"start":{"line":59,"column":54},"end":{"line":59,"column":59}}]},"7":{"line":60,"type":"cond-expr","locations":[{"start":{"line":60,"column":43},"end":{"line":60,"column":48}},{"start":{"line":60,"column":49},"end":{"line":60,"column":51}}]},"8":{"line":67,"type":"if","locations":[{"start":{"line":67,"column":8},"end":{"line":67,"column":8}},{"start":{"line":67,"column":8},"end":{"line":67,"column":8}}]}},"code":["var exec = require('child_process').exec,","    bin = require('./binaries');","","module.exports = {","","  /**","   * @method isAdminUser","   * @member nodewindows","   * This asynchronous command determines whether the current user has administrative privileges.","   * It passes a boolean value to the callback, returning `true` if the user is an administrator","   * or `false` if it is not.","   * @param {Function} callback","   * @param {Boolean} callback.isAdmin","   * Receives true/false as an argument to the callback.","   */","  isAdminUser: function(callback){","    exec('NET SESSION',function(err,so,se){","      if (se.length !== 0){","        bin.elevate('NET SESSION',function(_err,_so,_se){","          callback(_se.length === 0);","        });","      } else {","        callback(true);","      }","    });","  },","","  /**","   * @method kill","   * @member nodewindows","   * Kill a specific process","   * @param {Number} PID","   * Process ID","   * @param {Boolean} [force=false]","   * Force close the process.","   * @param {Function} [callback]","   */","  kill: function(pid,force,callback){","    if (!pid){","      throw new Error('PID is required for the kill operation.');","    }","    callback = callback || function(){};","    if (typeof force == 'function'){","      callback = force;","      force = false;","    }","    exec(\"taskkill /PID \"+pid+(force==true?' /f':''),callback);","  },","","  /**","   * @method list","   * @member nodewindows","   * List the processes running on the server.","   * @param {Function} callback","   * Receives the process object as the only callback argument","   * @param {Boolean} [verbose=false]","   */","  list: function(callback,verbose){","    verbose = typeof verbose == 'boolean' ? verbose : false;","    exec('tasklist /FO CSV'+(verbose==true?' /V':''),function(err,stdout,stderr){","      var p = stdout.split('\\r\\n');","      var proc = [];","      var head = null;","      while (p.length > 1){","        var rec = p.shift();","        rec = rec.replace(/\\\"\\,/gi,'\";').replace(/\\\"|\\'/gi,'').split(';');","        if (head == null){","          head = rec;","          for (var i=0;i<head.length;i++){","            head[i] = head[i].replace(/ /gi,'');","          }","        } else {","          var tmp = {};","          for (var i=0;i<rec.length;i++){","            tmp[head[i]] = rec[i].replace(/\\\"|\\'/gi,'');","          }","          proc.push(tmp);","        }","      }","      callback(proc);","    });","  }","","};"],"l":{"1":1,"4":1,"17":0,"18":0,"19":0,"20":0,"23":0,"39":0,"40":0,"42":0,"43":0,"44":0,"45":0,"47":0,"59":0,"60":0,"61":0,"62":0,"63":0,"64":0,"65":0,"66":0,"67":0,"68":0,"69":0,"70":0,"73":0,"74":0,"75":0,"77":0,"80":0}},"/home/travis/build/npmtest/node-npmtest-node-windows/node_modules/node-windows/lib/daemon.js":{"path":"/home/travis/build/npmtest/node-npmtest-node-windows/node_modules/node-windows/lib/daemon.js","s":{"1":1,"2":1,"3":0,"4":0,"5":0,"6":1,"7":0,"8":0,"9":0,"10":0,"11":0,"12":0,"13":0,"14":0,"15":0,"16":0,"17":0,"18":0,"19":0,"20":0,"21":0,"22":0,"23":0,"24":0,"25":0,"26":0,"27":0,"28":0,"29":0,"30":0,"31":0,"32":0,"33":0,"34":0,"35":0,"36":0,"37":0,"38":0,"39":0,"40":0,"41":0,"42":0,"43":0,"44":0,"45":0,"46":0,"47":0,"48":0,"49":0,"50":0,"51":0,"52":0,"53":0,"54":0,"55":0,"56":0,"57":0,"58":0,"59":0,"60":0,"61":0,"62":0,"63":0,"64":0,"65":0,"66":0,"67":0,"68":0,"69":0,"70":0,"71":0,"72":0,"73":0,"74":0,"75":0,"76":0,"77":0,"78":0,"79":0,"80":0,"81":0,"82":0,"83":0,"84":0,"85":0,"86":0,"87":0,"88":0,"89":0,"90":0,"91":0,"92":0,"93":0,"94":0,"95":0,"96":0,"97":0,"98":0,"99":0,"100":0,"101":0,"102":0,"103":0,"104":0,"105":0,"106":0,"107":0,"108":0,"109":0,"110":0,"111":0,"112":0,"113":0,"114":0,"115":0,"116":0,"117":0,"118":0,"119":0,"120":0,"121":0,"122":0,"123":0,"124":0,"125":0,"126":0,"127":0,"128":0,"129":0,"130":0,"131":0,"132":0,"133":0,"134":0,"135":0,"136":0,"137":0,"138":0,"139":0,"140":0,"141":0,"142":0,"143":0,"144":0,"145":0,"146":0,"147":0,"148":0,"149":1,"150":1,"151":1},"b":{"1":[0,0],"2":[0,0],"3":[0,0],"4":[0,0],"5":[0,0],"6":[0,0],"7":[0,0],"8":[0,0],"9":[0,0],"10":[0,0],"11":[0,0],"12":[0,0],"13":[0,0],"14":[0,0],"15":[0,0],"16":[0,0],"17":[0,0],"18":[0,0],"19":[0,0],"20":[0,0],"21":[0,0],"22":[0,0],"23":[0,0],"24":[0,0],"25":[0,0],"26":[0,0],"27":[0,0],"28":[0,0],"29":[0,0],"30":[0,0],"31":[0,0],"32":[0,0],"33":[0,0],"34":[0,0],"35":[0,0],"36":[0,0],"37":[0,0],"38":[0,0],"39":[0,0],"40":[0,0],"41":[0,0],"42":[0,0],"43":[0,0],"44":[0,0],"45":[0,0],"46":[0,0],"47":[0,0],"48":[0,0],"49":[0,0],"50":[0,0],"51":[0,0],"52":[0,0],"53":[0,0],"54":[0,0],"55":[0,0],"56":[0,0],"57":[0,0]},"f":{"1":0,"2":0,"3":0,"4":0,"5":0,"6":0,"7":0,"8":0,"9":0,"10":0,"11":0,"12":0,"13":0,"14":0,"15":0,"16":0,"17":0,"18":0,"19":0,"20":0,"21":0,"22":0,"23":0,"24":0,"25":0,"26":0,"27":0,"28":0,"29":0,"30":0,"31":0},"fnMap":{"1":{"name":"(anonymous_1)","line":44,"loc":{"start":{"line":44,"column":12},"end":{"line":44,"column":28}}},"2":{"name":"(anonymous_2)","line":51,"loc":{"start":{"line":51,"column":13},"end":{"line":51,"column":29}}},"3":{"name":"(anonymous_3)","line":100,"loc":{"start":{"line":100,"column":11},"end":{"line":100,"column":21}}},"4":{"name":"(anonymous_4)","line":136,"loc":{"start":{"line":136,"column":11},"end":{"line":136,"column":21}}},"5":{"name":"(anonymous_5)","line":251,"loc":{"start":{"line":251,"column":13},"end":{"line":251,"column":26}}},"6":{"name":"(anonymous_6)","line":268,"loc":{"start":{"line":268,"column":11},"end":{"line":268,"column":21}}},"7":{"name":"(anonymous_7)","line":274,"loc":{"start":{"line":274,"column":11},"end":{"line":274,"column":21}}},"8":{"name":"(anonymous_8)","line":303,"loc":{"start":{"line":303,"column":11},"end":{"line":303,"column":21}}},"9":{"name":"(anonymous_9)","line":304,"loc":{"start":{"line":304,"column":11},"end":{"line":304,"column":26}}},"10":{"name":"(anonymous_10)","line":310,"loc":{"start":{"line":310,"column":11},"end":{"line":310,"column":21}}},"11":{"name":"(anonymous_11)","line":479,"loc":{"start":{"line":479,"column":13},"end":{"line":479,"column":26}}},"12":{"name":"(anonymous_12)","line":512,"loc":{"start":{"line":512,"column":22},"end":{"line":512,"column":38}}},"13":{"name":"(anonymous_13)","line":517,"loc":{"start":{"line":517,"column":62},"end":{"line":517,"column":72}}},"14":{"name":"(anonymous_14)","line":519,"loc":{"start":{"line":519,"column":38},"end":{"line":519,"column":48}}},"15":{"name":"(anonymous_15)","line":520,"loc":{"start":{"line":520,"column":67},"end":{"line":520,"column":77}}},"16":{"name":"(anonymous_16)","line":564,"loc":{"start":{"line":564,"column":13},"end":{"line":564,"column":31}}},"17":{"name":"(anonymous_17)","line":574,"loc":{"start":{"line":574,"column":26},"end":{"line":574,"column":36}}},"18":{"name":"(anonymous_18)","line":576,"loc":{"start":{"line":576,"column":69},"end":{"line":576,"column":98}}},"19":{"name":"(anonymous_19)","line":584,"loc":{"start":{"line":584,"column":23},"end":{"line":584,"column":37}}},"20":{"name":"(anonymous_20)","line":604,"loc":{"start":{"line":604,"column":29},"end":{"line":604,"column":40}}},"21":{"name":"(anonymous_21)","line":609,"loc":{"start":{"line":609,"column":33},"end":{"line":609,"column":43}}},"22":{"name":"(anonymous_22)","line":638,"loc":{"start":{"line":638,"column":13},"end":{"line":638,"column":23}}},"23":{"name":"(anonymous_23)","line":649,"loc":{"start":{"line":649,"column":47},"end":{"line":649,"column":74}}},"24":{"name":"(anonymous_24)","line":683,"loc":{"start":{"line":683,"column":13},"end":{"line":683,"column":23}}},"25":{"name":"(anonymous_25)","line":686,"loc":{"start":{"line":686,"column":44},"end":{"line":686,"column":71}}},"26":{"name":"(anonymous_26)","line":710,"loc":{"start":{"line":710,"column":13},"end":{"line":710,"column":31}}},"27":{"name":"(anonymous_27)","line":723,"loc":{"start":{"line":723,"column":11},"end":{"line":723,"column":21}}},"28":{"name":"(anonymous_28)","line":736,"loc":{"start":{"line":736,"column":13},"end":{"line":736,"column":44}}},"29":{"name":"(anonymous_29)","line":738,"loc":{"start":{"line":738,"column":31},"end":{"line":738,"column":41}}},"30":{"name":"(anonymous_30)","line":741,"loc":{"start":{"line":741,"column":27},"end":{"line":741,"column":44}}},"31":{"name":"(anonymous_31)","line":770,"loc":{"start":{"line":770,"column":13},"end":{"line":770,"column":28}}}},"statementMap":{"1":{"start":{"line":32,"column":0},"end":{"line":39,"column":64}},"2":{"start":{"line":44,"column":0},"end":{"line":48,"column":2}},"3":{"start":{"line":45,"column":2},"end":{"line":45,"column":32}},"4":{"start":{"line":46,"column":2},"end":{"line":46,"column":51}},"5":{"start":{"line":47,"column":2},"end":{"line":47,"column":9}},"6":{"start":{"line":51,"column":0},"end":{"line":780,"column":2}},"7":{"start":{"line":83,"column":2},"end":{"line":779,"column":5}},"8":{"start":{"line":101,"column":8},"end":{"line":109,"column":10}},"9":{"start":{"line":111,"column":8},"end":{"line":115,"column":9}},"10":{"start":{"line":113,"column":10},"end":{"line":113,"column":43}},"11":{"start":{"line":114,"column":10},"end":{"line":114,"column":44}},"12":{"start":{"line":117,"column":8},"end":{"line":130,"column":11}},"13":{"start":{"line":137,"column":8},"end":{"line":137,"column":30}},"14":{"start":{"line":252,"column":8},"end":{"line":254,"column":9}},"15":{"start":{"line":253,"column":10},"end":{"line":253,"column":77}},"16":{"start":{"line":255,"column":8},"end":{"line":257,"column":9}},"17":{"start":{"line":256,"column":10},"end":{"line":256,"column":46}},"18":{"start":{"line":258,"column":8},"end":{"line":258,"column":66}},"19":{"start":{"line":268,"column":23},"end":{"line":268,"column":47}},"20":{"start":{"line":275,"column":8},"end":{"line":276,"column":32}},"21":{"start":{"line":276,"column":10},"end":{"line":276,"column":32}},"22":{"start":{"line":277,"column":8},"end":{"line":278,"column":56}},"23":{"start":{"line":278,"column":10},"end":{"line":278,"column":56}},"24":{"start":{"line":279,"column":8},"end":{"line":279,"column":58}},"25":{"start":{"line":280,"column":8},"end":{"line":280,"column":30}},"26":{"start":{"line":303,"column":22},"end":{"line":303,"column":40}},"27":{"start":{"line":304,"column":27},"end":{"line":304,"column":46}},"28":{"start":{"line":311,"column":8},"end":{"line":311,"column":61}},"29":{"start":{"line":480,"column":8},"end":{"line":482,"column":9}},"30":{"start":{"line":481,"column":10},"end":{"line":481,"column":77}},"31":{"start":{"line":484,"column":8},"end":{"line":501,"column":9}},"32":{"start":{"line":485,"column":10},"end":{"line":485,"column":30}},"33":{"start":{"line":486,"column":10},"end":{"line":489,"column":11}},"34":{"start":{"line":487,"column":12},"end":{"line":487,"column":116}},"35":{"start":{"line":488,"column":12},"end":{"line":488,"column":27}},"36":{"start":{"line":490,"column":10},"end":{"line":493,"column":11}},"37":{"start":{"line":491,"column":12},"end":{"line":491,"column":132}},"38":{"start":{"line":492,"column":12},"end":{"line":492,"column":27}},"39":{"start":{"line":494,"column":10},"end":{"line":497,"column":11}},"40":{"start":{"line":495,"column":12},"end":{"line":495,"column":45}},"41":{"start":{"line":496,"column":12},"end":{"line":496,"column":19}},"42":{"start":{"line":498,"column":10},"end":{"line":498,"column":92}},"43":{"start":{"line":499,"column":10},"end":{"line":499,"column":40}},"44":{"start":{"line":500,"column":10},"end":{"line":500,"column":17}},"45":{"start":{"line":503,"column":8},"end":{"line":503,"column":50}},"46":{"start":{"line":505,"column":8},"end":{"line":508,"column":9}},"47":{"start":{"line":506,"column":10},"end":{"line":506,"column":25}},"48":{"start":{"line":507,"column":10},"end":{"line":507,"column":21}},"49":{"start":{"line":509,"column":8},"end":{"line":509,"column":34}},"50":{"start":{"line":512,"column":8},"end":{"line":526,"column":11}},"51":{"start":{"line":513,"column":10},"end":{"line":515,"column":11}},"52":{"start":{"line":514,"column":12},"end":{"line":514,"column":30}},"53":{"start":{"line":517,"column":10},"end":{"line":525,"column":13}},"54":{"start":{"line":519,"column":12},"end":{"line":524,"column":15}},"55":{"start":{"line":520,"column":14},"end":{"line":523,"column":17}},"56":{"start":{"line":521,"column":16},"end":{"line":521,"column":25}},"57":{"start":{"line":522,"column":16},"end":{"line":522,"column":35}},"58":{"start":{"line":565,"column":8},"end":{"line":565,"column":22}},"59":{"start":{"line":566,"column":8},"end":{"line":566,"column":33}},"60":{"start":{"line":568,"column":8},"end":{"line":572,"column":9}},"61":{"start":{"line":569,"column":10},"end":{"line":569,"column":101}},"62":{"start":{"line":570,"column":10},"end":{"line":570,"column":42}},"63":{"start":{"line":571,"column":10},"end":{"line":571,"column":17}},"64":{"start":{"line":574,"column":8},"end":{"line":618,"column":10}},"65":{"start":{"line":576,"column":10},"end":{"line":617,"column":13}},"66":{"start":{"line":577,"column":12},"end":{"line":616,"column":13}},"67":{"start":{"line":578,"column":14},"end":{"line":578,"column":39}},"68":{"start":{"line":579,"column":19},"end":{"line":616,"column":13}},"69":{"start":{"line":580,"column":14},"end":{"line":580,"column":44}},"70":{"start":{"line":582,"column":14},"end":{"line":582,"column":30}},"71":{"start":{"line":584,"column":14},"end":{"line":588,"column":16}},"72":{"start":{"line":585,"column":16},"end":{"line":587,"column":17}},"73":{"start":{"line":586,"column":18},"end":{"line":586,"column":57}},"74":{"start":{"line":591,"column":14},"end":{"line":591,"column":31}},"75":{"start":{"line":594,"column":14},"end":{"line":594,"column":39}},"76":{"start":{"line":595,"column":14},"end":{"line":595,"column":35}},"77":{"start":{"line":596,"column":14},"end":{"line":596,"column":35}},"78":{"start":{"line":599,"column":14},"end":{"line":599,"column":31}},"79":{"start":{"line":600,"column":14},"end":{"line":600,"column":38}},"80":{"start":{"line":603,"column":14},"end":{"line":603,"column":51}},"81":{"start":{"line":604,"column":14},"end":{"line":606,"column":17}},"82":{"start":{"line":605,"column":16},"end":{"line":605,"column":22}},"83":{"start":{"line":608,"column":14},"end":{"line":615,"column":15}},"84":{"start":{"line":609,"column":16},"end":{"line":612,"column":19}},"85":{"start":{"line":610,"column":18},"end":{"line":610,"column":27}},"86":{"start":{"line":611,"column":18},"end":{"line":611,"column":39}},"87":{"start":{"line":614,"column":16},"end":{"line":614,"column":37}},"88":{"start":{"line":620,"column":8},"end":{"line":620,"column":38}},"89":{"start":{"line":621,"column":8},"end":{"line":621,"column":48}},"90":{"start":{"line":622,"column":8},"end":{"line":622,"column":20}},"91":{"start":{"line":639,"column":8},"end":{"line":639,"column":22}},"92":{"start":{"line":641,"column":8},"end":{"line":643,"column":9}},"93":{"start":{"line":642,"column":10},"end":{"line":642,"column":54}},"94":{"start":{"line":645,"column":8},"end":{"line":647,"column":9}},"95":{"start":{"line":646,"column":10},"end":{"line":646,"column":91}},"96":{"start":{"line":649,"column":8},"end":{"line":668,"column":10}},"97":{"start":{"line":650,"column":10},"end":{"line":667,"column":11}},"98":{"start":{"line":651,"column":12},"end":{"line":664,"column":13}},"99":{"start":{"line":652,"column":14},"end":{"line":661,"column":15}},"100":{"start":{"line":653,"column":16},"end":{"line":653,"column":195}},"101":{"start":{"line":654,"column":16},"end":{"line":654,"column":37}},"102":{"start":{"line":655,"column":16},"end":{"line":655,"column":23}},"103":{"start":{"line":656,"column":21},"end":{"line":661,"column":15}},"104":{"start":{"line":657,"column":16},"end":{"line":657,"column":39}},"105":{"start":{"line":658,"column":16},"end":{"line":658,"column":33}},"106":{"start":{"line":659,"column":16},"end":{"line":659,"column":37}},"107":{"start":{"line":660,"column":16},"end":{"line":660,"column":23}},"108":{"start":{"line":663,"column":14},"end":{"line":663,"column":43}},"109":{"start":{"line":666,"column":12},"end":{"line":666,"column":29}},"110":{"start":{"line":684,"column":8},"end":{"line":684,"column":22}},"111":{"start":{"line":686,"column":8},"end":{"line":699,"column":11}},"112":{"start":{"line":687,"column":10},"end":{"line":698,"column":11}
[...]
  }","","    // optionally set the service logon credentials","    if (config.logOnAs && config.logOnAs.account && config.logOnAs.password &&","      config.logOnAs.domain)","    {","      xml.push({","        serviceaccount: [","          {domain: config.logOnAs.domain},","          {user: config.logOnAs.account},","          {password: config.logOnAs.password}","        ]","      });","    }","","    // if no working directory specified, use current working directory","    // that this process was launched with","    xml.push({workingdirectory: config.workingdirectory || process.cwd()});","","    // indent resultant xml with tabs, and use windows newlines for extra readability","    return require('xml')({service:xml}, {indent: '\\t'}).replace(/\\n/g,'\\r\\n');","  },","","  /**","   * Copy install version of winsw.exe to specific renamed version according to","   * the service id. Also copy .exe.config file that allows it to run under","   * .NET 4+ runtime on newer versions of windows.","   * (see https://github.com/kohsuke/winsw#net-runtime-40)","   *","   * @method createExe","   * Create the executable","   * @param {String} name","   * The alphanumeric string (spaces are stripped) of the `.exe` file. For example, `My App` generates `myapp.exe`","   * @param {String} [dir=cwd]","   * The output directory where the executable will be saved.","   * @param {Function} [callback]","   * The callback to fire upon completion.","   */","  createExe: function(name,dir,callback) {","    var fs = require('fs'), p = require('path');","","    if (typeof dir === 'function') {","      callback = dir;","      dir = null;","    }","","    dir = dir || process.cwd();","","    var exeOrigin = p.join(__dirname,'..','bin','winsw','winsw.exe'),","        cfgOrigin = p.join(__dirname,'..','bin','winsw','winsw.exe.config'),","        exeDest = p.join(dir,name.replace(/[^\\w]/gi,'').toLowerCase()+'.exe'),","        cfgDest = p.join(dir,name.replace(/[^\\w]/gi,'').toLowerCase()+'.exe.config'),","        exeData = fs.readFileSync(exeOrigin,{encoding:'binary'}),","        cfgData = fs.readFileSync(cfgOrigin,{encoding:'binary'});","","    fs.writeFileSync(exeDest,exeData,{encoding:'binary'});","    fs.writeFileSync(cfgDest,cfgData,{encoding:'binary'});","    callback && callback();","  }","}"],"l":{"1":1,"33":0,"39":1,"42":0,"43":0,"46":0,"47":0,"49":0,"50":0,"51":0,"52":0,"57":0,"59":0,"64":0,"72":0,"73":0,"74":0,"78":0,"79":0,"83":0,"84":0,"88":0,"89":0,"93":0,"96":0,"97":0,"99":0,"100":0,"105":0,"108":0,"119":0,"122":0,"141":0,"143":0,"144":0,"145":0,"148":0,"150":0,"157":0,"158":0,"159":0}},"/home/travis/build/npmtest/node-npmtest-node-windows/node_modules/node-windows/lib/wrapper.js":{"path":"/home/travis/build/npmtest/node-npmtest-node-windows/node_modules/node-windows/lib/wrapper.js","s":{"1":2,"2":0,"3":0,"4":0,"5":0,"6":0,"7":0,"8":0,"9":0,"10":0,"11":0,"12":0,"13":0,"14":0,"15":0,"16":0,"17":0,"18":0,"19":0,"20":0,"21":0,"22":0,"23":0,"24":0,"25":0,"26":0,"27":0,"28":0,"29":0,"30":0,"31":0,"32":0,"33":0,"34":0,"35":0,"36":0,"37":0,"38":0,"39":0,"40":0,"41":0,"42":0,"43":0,"44":0,"45":0,"46":0,"47":0,"48":0,"49":0,"50":0,"51":0,"52":0,"53":0,"54":0,"55":0,"56":0,"57":0,"58":0,"59":0,"60":0,"61":0,"62":0,"63":0,"64":0,"65":0,"66":0,"67":0,"68":0},"b":{"1":[0,0],"2":[0,0],"3":[0,0],"4":[0,0],"5":[0,0],"6":[0,0],"7":[0,0],"8":[0,0],"9":[0,0],"10":[0,0],"11":[0,0],"12":[0,0],"13":[0,0],"14":[0,0],"15":[0,0],"16":[0,0],"17":[0,0],"18":[0,0],"19":[0,0],"20":[0,0],"21":[0,0],"22":[0,0]},"f":{"1":0,"2":0,"3":0,"4":0,"5":0,"6":0,"7":0,"8":0,"9":0,"10":0,"11":0,"12":0},"fnMap":{"1":{"name":"(anonymous_1)","line":10,"loc":{"start":{"line":10,"column":13},"end":{"line":10,"column":27}}},"2":{"name":"(anonymous_2)","line":11,"loc":{"start":{"line":11,"column":51},"end":{"line":11,"column":67}}},"3":{"name":"(anonymous_3)","line":37,"loc":{"start":{"line":37,"column":13},"end":{"line":37,"column":27}}},"4":{"name":"(anonymous_4)","line":43,"loc":{"start":{"line":43,"column":13},"end":{"line":43,"column":27}}},"5":{"name":"(anonymous_5)","line":49,"loc":{"start":{"line":49,"column":13},"end":{"line":49,"column":27}}},"6":{"name":"(anonymous_6)","line":55,"loc":{"start":{"line":55,"column":13},"end":{"line":55,"column":27}}},"7":{"name":"(anonymous_7)","line":92,"loc":{"start":{"line":92,"column":14},"end":{"line":92,"column":25}}},"8":{"name":"(anonymous_8)","line":103,"loc":{"start":{"line":103,"column":15},"end":{"line":103,"column":25}}},"9":{"name":"(anonymous_9)","line":127,"loc":{"start":{"line":127,"column":13},"end":{"line":127,"column":37}}},"10":{"name":"(anonymous_10)","line":142,"loc":{"start":{"line":142,"column":15},"end":{"line":142,"column":25}}},"11":{"name":"(anonymous_11)","line":156,"loc":{"start":{"line":156,"column":18},"end":{"line":156,"column":32}}},"12":{"name":"(anonymous_12)","line":174,"loc":{"start":{"line":174,"column":14},"end":{"line":174,"column":24}}}},"statementMap":{"1":{"start":{"line":2,"column":0},"end":{"line":67,"column":16}},"2":{"start":{"line":11,"column":8},"end":{"line":13,"column":11}},"3":{"start":{"line":12,"column":10},"end":{"line":12,"column":24}},"4":{"start":{"line":38,"column":8},"end":{"line":38,"column":27}},"5":{"start":{"line":44,"column":8},"end":{"line":44,"column":44}},"6":{"start":{"line":50,"column":8},"end":{"line":50,"column":78}},"7":{"start":{"line":56,"column":8},"end":{"line":56,"column":78}},"8":{"start":{"line":68,"column":4},"end":{"line":68,"column":22}},"9":{"start":{"line":70,"column":0},"end":{"line":76,"column":1}},"10":{"start":{"line":71,"column":2},"end":{"line":74,"column":3}},"11":{"start":{"line":72,"column":4},"end":{"line":72,"column":39}},"12":{"start":{"line":73,"column":4},"end":{"line":73,"column":27}},"13":{"start":{"line":75,"column":2},"end":{"line":75,"column":29}},"14":{"start":{"line":78,"column":0},"end":{"line":80,"column":1}},"15":{"start":{"line":79,"column":2},"end":{"line":79,"column":28}},"16":{"start":{"line":83,"column":0},"end":{"line":83,"column":27}},"17":{"start":{"line":86,"column":0},"end":{"line":86,"column":52}},"18":{"start":{"line":92,"column":0},"end":{"line":118,"column":2}},"19":{"start":{"line":93,"column":2},"end":{"line":117,"column":3}},"20":{"start":{"line":96,"column":4},"end":{"line":101,"column":5}},"21":{"start":{"line":97,"column":6},"end":{"line":100,"column":7}},"22":{"start":{"line":98,"column":8},"end":{"line":98,"column":97}},"23":{"start":{"line":99,"column":8},"end":{"line":99,"column":23}},"24":{"start":{"line":103,"column":4},"end":{"line":112,"column":12}},"25":{"start":{"line":104,"column":6},"end":{"line":104,"column":25}},"26":{"start":{"line":105,"column":6},"end":{"line":105,"column":20}},"27":{"start":{"line":106,"column":6},"end":{"line":111,"column":7}},"28":{"start":{"line":107,"column":8},"end":{"line":107,"column":137}},"29":{"start":{"line":108,"column":8},"end":{"line":108,"column":23}},"30":{"start":{"line":110,"column":8},"end":{"line":110,"column":101}},"31":{"start":{"line":115,"column":4},"end":{"line":115,"column":17}},"32":{"start":{"line":116,"column":4},"end":{"line":116,"column":25}},"33":{"start":{"line":127,"column":0},"end":{"line":172,"column":2}},"34":{"start":{"line":129,"column":2},"end":{"line":132,"column":3}},"35":{"start":{"line":130,"column":4},"end":{"line":130,"column":31}},"36":{"start":{"line":131,"column":4},"end":{"line":131,"column":11}},"37":{"start":{"line":135,"column":2},"end":{"line":137,"column":3}},"38":{"start":{"line":136,"column":4},"end":{"line":136,"column":23}},"39":{"start":{"line":140,"column":2},"end":{"line":146,"column":3}},"40":{"start":{"line":141,"column":4},"end":{"line":141,"column":40}},"41":{"start":{"line":142,"column":4},"end":{"line":145,"column":20}},"42":{"start":{"line":143,"column":6},"end":{"line":143,"column":23}},"43":{"start":{"line":144,"column":6},"end":{"line":144,"column":17}},"44":{"start":{"line":147,"column":2},"end":{"line":147,"column":14}},"45":{"start":{"line":150,"column":2},"end":{"line":150,"column":31}},"46":{"start":{"line":151,"column":2},"end":{"line":151,"column":32}},"47":{"start":{"line":151,"column":14},"end":{"line":151,"column":32}},"48":{"start":{"line":152,"column":2},"end":{"line":152,"column":35}},"49":{"start":{"line":152,"column":14},"end":{"line":152,"column":35}},"50":{"start":{"line":153,"column":2},"end":{"line":153,"column":28}},"51":{"start":{"line":156,"column":2},"end":{"line":171,"column":5}},"52":{"start":{"line":157,"column":4},"end":{"line":157,"column":41}},"53":{"start":{"line":160,"column":4},"end":{"line":166,"column":5}},"54":{"start":{"line":161,"column":6},"end":{"line":161,"column":56}},"55":{"start":{"line":162,"column":6},"end":{"line":162,"column":21}},"56":{"start":{"line":164,"column":11},"end":{"line":166,"column":5}},"57":{"start":{"line":165,"column":6},"end":{"line":165,"column":21}},"58":{"start":{"line":168,"column":4},"end":{"line":168,"column":17}},"59":{"start":{"line":170,"column":4},"end":{"line":170,"column":14}},"60":{"start":{"line":174,"column":0},"end":{"line":181,"column":1}},"61":{"start":{"line":175,"column":2},"end":{"line":175,"column":19}},"62":{"start":{"line":176,"column":2},"end":{"line":180,"column":3}},"63":{"start":{"line":177,"column":4},"end":{"line":177,"column":27}},"64":{"start":{"line":179,"column":4},"end":{"line":179,"column":17}},"65":{"start":{"line":183,"column":0},"end":{"line":183,"column":28}},"66":{"start":{"line":184,"column":0},"end":{"line":184,"column":30}},"67":{"start":{"line":185,"column":0},"end":{"line":185,"column":31}},"68":{"start":{"line":188,"column":0},"end":{"line":188,"column":37}}},"branchMap":{"1":{"line":44,"type":"binary-expr","locations":[{"start":{"line":44,"column":16},"end":{"line":44,"column":27}},{"start":{"line":44,"column":31},"end":{"line":44,"column":42}}]},"2":{"line":59,"type":"cond-expr","locations":[{"start":{"line":59,"column":43},"end":{"line":59,"column":49}},{"start":{"line":59,"column":52},"end":{"line":59,"column":83}}]},"3":{"line":70,"type":"if","locations":[{"start":{"line":70,"column":0},"end":{"line":70,"column":0}},{"start":{"line":70,"column":0},"end":{"line":70,"column":0}}]},"4":{"line":71,"type":"if","locations":[{"start":{"line":71,"column":2},"end":{"line":71,"column":2}},{"start":{"line":71,"column":2},"end":{"line":71,"column":2}}]},"5":{"line":78,"type":"if","locations":[{"start":{"line":78,"column":0},"end":{"line":78,"column":0}},{"start":{"line":78,"column":0},"end":{"line":78,"column":0}}]},"6":{"line":93,"type":"if","locations":[{"start":{"line":93,"column":2},"end":{"line":93,"column":2}},{"start":{"line":93,"column":2},"end":{"line":93,"column":2}}]},"7":{"line":93,"type":"binary-expr","locations":[{"start":{"line":93,"column":5},"end":{"line":93,"column":11}},{"start":{"line":93,"column":15},"end":{"line":93,"column":25}}]},"8":{"line":96,"type":"if","locations":[{"start":{"line":96,"column":4},"end":{"line":96,"column":4}},{"start":{"line":96,"column":4},"end":{"line":96,"column":4}}]},"9":{"line":97,"type":"if","locations":[{"start":{"line":97,"column":6},"end":{"line":97,"column":6}},{"start":{"line":97,"column":6},"end":{"line":97,"column":6}}]},"10":{"line":106,"type":"if","locations":[{"start":{"line":106,"column":6},"end":{"line":106,"column":6}},{"start":{"line":106,"column":6},"end":{"line":106,"column":6}}]},"11":{"line":106,"type":"binary-expr","locations":[{"start":{"line":106,"column":10},"end":{"line":106,"column":27}},{"start":{"line":106,"column":31},"end":{"line":106,"column":42}}]},"12":{"line":129,"type":"if","locations":[{"start":{"line":129,"column":2},"end":{"line":129,"column":2}},{"start":{"line":129,"column":2},"end":{"line":129,"column":2}}]},"13":{"line":135,"type":"if","locations":[{"start":{"line":135,"column":2},"end":{"line":135,"column":2}},{"start":{"line":135,"column":2},"end":{"line":135,"column":2}}]},"14":{"line":135,"type":"binary-expr","locations":[{"start":{"line":135,"column":6},"end":{"line":135,"column":14}},{"start":{"line":135,"column":18},"end":{"line":135,"column":21}}]},"15":{"line":140,"type":"if","locations":[{"start":{"line":140,"column":2},"end":{"line":140,"column":2}},{"start":{"line":140,"column":2},"end":{"line":140,"column":2}}]},"16":{"line":141,"type":"binary-expr","locations":[{"start":{"line":141,"column":16},"end":{"line":141,"column":25}},{"start":{"line":141,"column":29},"end":{"line":141,"column":39}}]},"17":{"line":151,"type":"if","locations":[{"start":{"line":151,"column":2},"end":{"line":151,"column":2}},{"start":{"line":151,"column":2},"end":{"line":151,"column":2}}]},"18":{"line":152,"type":"if","locations":[{"start":{"line":152,"column":2},"end":{"line":152,"column":2}},{"start":{"line":152,"column":2},"end":{"line":152,"column":2}}]},"19":{"line":160,"type":"if","locations":[{"start":{"line":160,"column":4},"end":{"line":160,"column":4}},{"start":{"line":160,"column":4},"end":{"line":160,"column":4}}]},"20":{"line":160,"type":"binary-expr","locations":[{"start":{"line":160,"column":8},"end":{"line":160,"column":18}},{"start":{"line":160,"column":22},"end":{"line":160,"column":37}}]},"21":{"line":164,"type":"if","locations":[{"start":{"line":164,"column":11},"end":{"line":164,"column":11}},{"start":{"line":164,"column":11},"end":{"line":164,"column":11}}]},"22":{"line":176,"type":"if","locations":[{"start":{"line":176,"column":2},"end":{"line":176,"column":2}},{"start":{"line":176,"column":2},"end":{"line":176,"column":2}}]}},"code":["// Handle input parameters","var Logger = require('./eventlog'),","    optimist = require('optimist'),","    max = 60,","    p = require('path'),","    argv = optimist","      .demand('file')","      .alias('f','file')","      .describe('file','The absolute path of the script to be run as a process.')","      .check(function(argv){","        require('fs').existsSync(p.resolve(argv.f),function(exists){","          return exists;","        });","      })","      .alias('d','cwd')","      .describe('cwd','The absolute path of the current working directory of the script to be run as a process.')","//      .check(function(argv){","//        require('fs').existsSync(p.resolve(argv.d),function(exists){","//          return exists;","//        });","//      })","      .demand('log')","      .alias('l','log')","      .describe('log','The descriptive name of the log for the process')","      .default('eventlog','APPLICATION')","      .alias('e','eventlog')","      .describe('eventlog','The event log container. This must be APPLICATION or SYSTEM.')","      .default('maxretries',-1)","      .alias('m','maxretries')","      .describe('maxretries','The maximim number of times the process will be auto-restarted.')","      .default('maxrestarts',5)","      .alias('r','maxrestarts')","      .describe('maxrestarts','The maximim number of times the process should be restarted within a '+max+' second period shutting down.')","      .default('wait',1)","      .alias('w','wait')","      .describe('wait','The number of seconds between each restart attempt.')","      .check(function(argv){","        return argv.w >= 0;","      })","      .default('grow',.25)","      .alias('g','grow')","      .describe('grow','A percentage growth rate at which the wait time is increased.')","      .check(function(argv){","        return (argv.g >= 0 && argv.g <= 1);","      })","      .default('abortonerror','no')","      .alias('a','abortonerror')","      .describe('abortonerror','Do not attempt to restart the process if it fails with an error,')","      .check(function(argv){","        return ['y','n','yes','no'].indexOf(argv.a.trim().toLowerCase()) >= 0;","      })","      .default('stopparentfirst', 'no')","      .alias('s', 'stopparentfirst')","      .describe('stopparentfirst', 'Allow the script to exit using a shutdown message.')","      .check(function(argv){","        return ['y','n','yes','no'].indexOf(argv.a.trim().toLowerCase()) >= 0;","      })","      .argv,","    log = new Logger(argv.e == undefined ? argv.l : {source:argv.l,eventlog:argv.e}),","    fork = require('child_process').fork,","    script = p.resolve(argv.f),","    wait = argv.w*1000,","    grow = argv.g+1,","    attempts = 0,","    startTime = null,","    starts = 0,","    child = null","    forcekill = false;","","if (argv.d){","  if (!require('fs').existsSync(p.resolve(argv.d))){","    console.warn(argv.d+' not found.');","    argv.d = process.cwd();","  }","  argv.d = p.resolve(argv.d);","}","","if (typeof argv.m === 'string'){","  argv.m = parseInt(argv.m);","}","","// Set the absolute path of the file","argv.f = p.resolve(argv.f);","","// Hack to force the wrapper process to stay open by launching a ghost socket server","var server = require('net').createServer().listen();","","/**"," * @method monitor"," * Monitor the process to make sure it is running"," */","var monitor = function() {","  if(!child || !child.pid) {","","    // If the number of periodic starts exceeds the max, kill the process","    if (starts >= argv.r){","      if (new Date().getTime()-(max*1000) <= startTime.getTime()){","        log.error('Too many restarts within the last '+max+' seconds. Please check the script.');","        process.exit();","      }","    }","","    setTimeout(function(){","      wait = wait * grow;","      attempts += 1;","      if (attempts > argv.m && argv.m >= 0){","        log.error('Too many restarts. '+argv.f+' will not be restarted because the maximum number of total restarts has been exceeded.');","        process.exit();","      } else {","        launch('warn', 'Restarted ' + wait + ' msecs after unexpected exit; attempts = ' + attempts);","      }","    },wait);","  } else {","    // reset attempts and wait time","    attempts = 0;","    wait = argv.w * 1000;","  }","};","","","/**"," * @method launch"," * A method to start a process."," * logLevel - optional logging level (must be the name of a function the the Logger object)"," * msg - optional msg to log"," */","var launch = function(logLevel, msg) {","","  if (forcekill) {","    log.info(\"Process killed\");","    return;","  }","","  //log.info('Starting '+argv.f);","  if (logLevel && msg) {","    log[logLevel](msg);","  }","","  // Set the start time if it's null","  if (startTime == null) {","    startTime = startTime || new Date();","    setTimeout(function(){","      startTime = null;","      starts = 0;","    },(max*1000)+1);","  }","  starts += 1;","","  // Fork the child process","  var opts = {env:process.env};","  if (argv.d) opts.cwd = argv.d;","  if (argv.s) opts.detached = true;","  child = fork(script,opts);","","  // When the child dies, attempt to restart based on configuration","  child.on('exit',function(code){","    log.warn(argv.f+' stopped running.');","","    // If an error is thrown and the process is configured to exit, then kill the parent.","    if (code !== 0 && argv.a == \"yes\"){","      log.error(argv.f+' exited with error code '+code);","      process.exit();","      //server.unref();","    } else if (forcekill) {","      process.exit();","    }","","    child = null;","    // Monitor the process","    monitor();","  });","};","","var killkid = function(){","  forcekill = true;","  if (argv.s) {","    child.send('shutdown');","  } else {","    child.kill();","  }","}","","process.on('exit', killkid);","process.on(\"SIGINT\", killkid);","process.on(\"SIGTERM\", killkid);","","// Launch the process","launch('info', 'Starting ' + argv.f);"],"l":{"2":2,"11":0,"12":0,"38":0,"44":0,"50":0,"56":0,"68":0,"70":0,"71":0,"72":0,"73":0,"75":0,"78":0,"79":0,"83":0,"86":0,"92":0,"93":0,"96":0,"97":0,"98":0,"99":0,"103":0,"104":0,"105":0,"106":0,"107":0,"108":0,"110":0,"115":0,"116":0,"127":0,"129":0,"130":0,"131":0,"135":0,"136":0,"140":0,"141":0,"142":0,"143":0,"144":0,"147":0,"150":0,"151":0,"152":0,"153":0,"156":0,"157":0,"160":0,"161":0,"162":0,"164":0,"165":0,"168":0,"170":0,"174":0,"175":0,"176":0,"177":0,"179":0,"183":0,"184":0,"185":0,"188":0}}}